{"/Users/federicocesconi/Dev/omnimind/src/index.ts": {"path":"/Users/federicocesconi/Dev/omnimind/src/index.ts","all":false,"statementMap":{"0":{"start":{"line":1,"column":0},"end":{"line":1,"column":3}},"1":{"start":{"line":2,"column":0},"end":{"line":2,"column":58}},"2":{"start":{"line":3,"column":0},"end":{"line":3,"column":3}},"3":{"start":{"line":4,"column":0},"end":{"line":4,"column":35}},"4":{"start":{"line":5,"column":0},"end":{"line":5,"column":3}},"5":{"start":{"line":6,"column":0},"end":{"line":6,"column":9}},"6":{"start":{"line":7,"column":0},"end":{"line":7,"column":16}},"7":{"start":{"line":8,"column":0},"end":{"line":8,"column":39}},"8":{"start":{"line":9,"column":0},"end":{"line":9,"column":3}},"9":{"start":{"line":10,"column":0},"end":{"line":10,"column":40}},"10":{"start":{"line":11,"column":0},"end":{"line":11,"column":3}},"11":{"start":{"line":12,"column":0},"end":{"line":12,"column":20}},"12":{"start":{"line":13,"column":0},"end":{"line":13,"column":55}},"13":{"start":{"line":14,"column":0},"end":{"line":14,"column":27}},"14":{"start":{"line":15,"column":0},"end":{"line":15,"column":26}},"15":{"start":{"line":16,"column":0},"end":{"line":16,"column":6}},"16":{"start":{"line":17,"column":0},"end":{"line":17,"column":3}},"17":{"start":{"line":18,"column":0},"end":{"line":18,"column":21}},"18":{"start":{"line":19,"column":0},"end":{"line":19,"column":61}},"19":{"start":{"line":20,"column":0},"end":{"line":20,"column":3}},"20":{"start":{"line":21,"column":0},"end":{"line":21,"column":21}},"21":{"start":{"line":22,"column":0},"end":{"line":22,"column":43}},"22":{"start":{"line":23,"column":0},"end":{"line":23,"column":46}},"23":{"start":{"line":24,"column":0},"end":{"line":24,"column":31}},"24":{"start":{"line":25,"column":0},"end":{"line":25,"column":31}},"25":{"start":{"line":26,"column":0},"end":{"line":26,"column":6}},"26":{"start":{"line":27,"column":0},"end":{"line":27,"column":3}},"27":{"start":{"line":28,"column":0},"end":{"line":28,"column":34}},"28":{"start":{"line":29,"column":0},"end":{"line":29,"column":61}},"29":{"start":{"line":30,"column":0},"end":{"line":30,"column":76}},"30":{"start":{"line":31,"column":0},"end":{"line":31,"column":6}},"31":{"start":{"line":32,"column":0},"end":{"line":32,"column":3}},"32":{"start":{"line":33,"column":0},"end":{"line":33,"column":0}},"33":{"start":{"line":34,"column":0},"end":{"line":34,"column":28}},"34":{"start":{"line":35,"column":0},"end":{"line":35,"column":29}},"35":{"start":{"line":36,"column":0},"end":{"line":36,"column":31}},"36":{"start":{"line":37,"column":0},"end":{"line":37,"column":0}},"37":{"start":{"line":38,"column":0},"end":{"line":38,"column":52}},"38":{"start":{"line":39,"column":0},"end":{"line":39,"column":60}},"39":{"start":{"line":40,"column":0},"end":{"line":40,"column":54}},"40":{"start":{"line":41,"column":0},"end":{"line":41,"column":58}},"41":{"start":{"line":42,"column":0},"end":{"line":42,"column":84}},"42":{"start":{"line":43,"column":0},"end":{"line":43,"column":0}},"43":{"start":{"line":44,"column":0},"end":{"line":44,"column":8}},"44":{"start":{"line":45,"column":0},"end":{"line":45,"column":14}},"45":{"start":{"line":46,"column":0},"end":{"line":46,"column":18}},"46":{"start":{"line":47,"column":0},"end":{"line":47,"column":20}},"47":{"start":{"line":48,"column":0},"end":{"line":48,"column":21}},"48":{"start":{"line":49,"column":0},"end":{"line":49,"column":26}},"49":{"start":{"line":50,"column":0},"end":{"line":50,"column":23}},"50":{"start":{"line":51,"column":0},"end":{"line":51,"column":18}},"51":{"start":{"line":52,"column":0},"end":{"line":52,"column":14}},"52":{"start":{"line":53,"column":0},"end":{"line":53,"column":14}},"53":{"start":{"line":54,"column":0},"end":{"line":54,"column":5}},"54":{"start":{"line":55,"column":0},"end":{"line":55,"column":6}},"55":{"start":{"line":56,"column":0},"end":{"line":56,"column":25}},"56":{"start":{"line":57,"column":0},"end":{"line":57,"column":66}},"57":{"start":{"line":58,"column":0},"end":{"line":58,"column":0}},"58":{"start":{"line":59,"column":0},"end":{"line":59,"column":69}},"59":{"start":{"line":60,"column":0},"end":{"line":60,"column":0}},"60":{"start":{"line":61,"column":0},"end":{"line":61,"column":33}},"61":{"start":{"line":62,"column":0},"end":{"line":62,"column":31}},"62":{"start":{"line":63,"column":0},"end":{"line":63,"column":30}},"63":{"start":{"line":64,"column":0},"end":{"line":64,"column":33}},"64":{"start":{"line":65,"column":0},"end":{"line":65,"column":1}},"65":{"start":{"line":66,"column":0},"end":{"line":66,"column":0}},"66":{"start":{"line":67,"column":0},"end":{"line":67,"column":69}},"67":{"start":{"line":68,"column":0},"end":{"line":68,"column":0}},"68":{"start":{"line":69,"column":0},"end":{"line":69,"column":3}},"69":{"start":{"line":70,"column":0},"end":{"line":70,"column":40}},"70":{"start":{"line":71,"column":0},"end":{"line":71,"column":3}},"71":{"start":{"line":72,"column":0},"end":{"line":72,"column":59}},"72":{"start":{"line":73,"column":0},"end":{"line":73,"column":67}},"73":{"start":{"line":74,"column":0},"end":{"line":74,"column":3}},"74":{"start":{"line":75,"column":0},"end":{"line":75,"column":23}},"75":{"start":{"line":76,"column":0},"end":{"line":76,"column":36}},"76":{"start":{"line":77,"column":0},"end":{"line":77,"column":38}},"77":{"start":{"line":78,"column":0},"end":{"line":78,"column":32}},"78":{"start":{"line":79,"column":0},"end":{"line":79,"column":0}},"79":{"start":{"line":80,"column":0},"end":{"line":80,"column":43}},"80":{"start":{"line":81,"column":0},"end":{"line":81,"column":29}},"81":{"start":{"line":82,"column":0},"end":{"line":82,"column":43}},"82":{"start":{"line":83,"column":0},"end":{"line":83,"column":37}},"83":{"start":{"line":84,"column":0},"end":{"line":84,"column":3}},"84":{"start":{"line":85,"column":0},"end":{"line":85,"column":0}},"85":{"start":{"line":86,"column":0},"end":{"line":86,"column":5}},"86":{"start":{"line":87,"column":0},"end":{"line":87,"column":48}},"87":{"start":{"line":88,"column":0},"end":{"line":88,"column":5}},"88":{"start":{"line":89,"column":0},"end":{"line":89,"column":59}},"89":{"start":{"line":90,"column":0},"end":{"line":90,"column":33}},"90":{"start":{"line":91,"column":0},"end":{"line":91,"column":5}},"91":{"start":{"line":92,"column":0},"end":{"line":92,"column":71}},"92":{"start":{"line":93,"column":0},"end":{"line":93,"column":67}},"93":{"start":{"line":94,"column":0},"end":{"line":94,"column":63}},"94":{"start":{"line":95,"column":0},"end":{"line":95,"column":0}},"95":{"start":{"line":96,"column":0},"end":{"line":96,"column":35}},"96":{"start":{"line":97,"column":0},"end":{"line":97,"column":44}},"97":{"start":{"line":98,"column":0},"end":{"line":98,"column":0}},"98":{"start":{"line":99,"column":0},"end":{"line":99,"column":23}},"99":{"start":{"line":100,"column":0},"end":{"line":100,"column":75}},"100":{"start":{"line":101,"column":0},"end":{"line":101,"column":38}},"101":{"start":{"line":102,"column":0},"end":{"line":102,"column":21}},"102":{"start":{"line":103,"column":0},"end":{"line":103,"column":80}},"103":{"start":{"line":104,"column":0},"end":{"line":104,"column":5}},"104":{"start":{"line":105,"column":0},"end":{"line":105,"column":0}},"105":{"start":{"line":106,"column":0},"end":{"line":106,"column":37}},"106":{"start":{"line":107,"column":0},"end":{"line":107,"column":55}},"107":{"start":{"line":108,"column":0},"end":{"line":108,"column":16}},"108":{"start":{"line":109,"column":0},"end":{"line":109,"column":3}},"109":{"start":{"line":110,"column":0},"end":{"line":110,"column":0}},"110":{"start":{"line":111,"column":0},"end":{"line":111,"column":69}},"111":{"start":{"line":112,"column":0},"end":{"line":112,"column":0}},"112":{"start":{"line":113,"column":0},"end":{"line":113,"column":27}},"113":{"start":{"line":114,"column":0},"end":{"line":114,"column":75}},"114":{"start":{"line":115,"column":0},"end":{"line":115,"column":63}},"115":{"start":{"line":116,"column":0},"end":{"line":116,"column":20}},"116":{"start":{"line":117,"column":0},"end":{"line":117,"column":42}},"117":{"start":{"line":118,"column":0},"end":{"line":118,"column":77}},"118":{"start":{"line":119,"column":0},"end":{"line":119,"column":5}},"119":{"start":{"line":120,"column":0},"end":{"line":120,"column":18}},"120":{"start":{"line":121,"column":0},"end":{"line":121,"column":3}},"121":{"start":{"line":122,"column":0},"end":{"line":122,"column":0}},"122":{"start":{"line":123,"column":0},"end":{"line":123,"column":43}},"123":{"start":{"line":124,"column":0},"end":{"line":124,"column":86}},"124":{"start":{"line":125,"column":0},"end":{"line":125,"column":48}},"125":{"start":{"line":126,"column":0},"end":{"line":126,"column":3}},"126":{"start":{"line":127,"column":0},"end":{"line":127,"column":0}},"127":{"start":{"line":128,"column":0},"end":{"line":128,"column":27}},"128":{"start":{"line":129,"column":0},"end":{"line":129,"column":57}},"129":{"start":{"line":130,"column":0},"end":{"line":130,"column":36}},"130":{"start":{"line":131,"column":0},"end":{"line":131,"column":3}},"131":{"start":{"line":132,"column":0},"end":{"line":132,"column":0}},"132":{"start":{"line":133,"column":0},"end":{"line":133,"column":24}},"133":{"start":{"line":134,"column":0},"end":{"line":134,"column":51}},"134":{"start":{"line":135,"column":0},"end":{"line":135,"column":39}},"135":{"start":{"line":136,"column":0},"end":{"line":136,"column":3}},"136":{"start":{"line":137,"column":0},"end":{"line":137,"column":0}},"137":{"start":{"line":138,"column":0},"end":{"line":138,"column":37}},"138":{"start":{"line":139,"column":0},"end":{"line":139,"column":48}},"139":{"start":{"line":140,"column":0},"end":{"line":140,"column":36}},"140":{"start":{"line":141,"column":0},"end":{"line":141,"column":3}},"141":{"start":{"line":142,"column":0},"end":{"line":142,"column":0}},"142":{"start":{"line":143,"column":0},"end":{"line":143,"column":37}},"143":{"start":{"line":144,"column":0},"end":{"line":144,"column":50}},"144":{"start":{"line":145,"column":0},"end":{"line":145,"column":38}},"145":{"start":{"line":146,"column":0},"end":{"line":146,"column":3}},"146":{"start":{"line":147,"column":0},"end":{"line":147,"column":0}},"147":{"start":{"line":148,"column":0},"end":{"line":148,"column":69}},"148":{"start":{"line":149,"column":0},"end":{"line":149,"column":0}},"149":{"start":{"line":150,"column":0},"end":{"line":150,"column":5}},"150":{"start":{"line":151,"column":0},"end":{"line":151,"column":55}},"151":{"start":{"line":152,"column":0},"end":{"line":152,"column":5}},"152":{"start":{"line":153,"column":0},"end":{"line":153,"column":46}},"153":{"start":{"line":154,"column":0},"end":{"line":154,"column":53}},"154":{"start":{"line":155,"column":0},"end":{"line":155,"column":5}},"155":{"start":{"line":156,"column":0},"end":{"line":156,"column":26}},"156":{"start":{"line":157,"column":0},"end":{"line":157,"column":24}},"157":{"start":{"line":158,"column":0},"end":{"line":158,"column":22}},"158":{"start":{"line":159,"column":0},"end":{"line":159,"column":24}},"159":{"start":{"line":160,"column":0},"end":{"line":160,"column":26}},"160":{"start":{"line":161,"column":0},"end":{"line":161,"column":27}},"161":{"start":{"line":162,"column":0},"end":{"line":162,"column":27}},"162":{"start":{"line":163,"column":0},"end":{"line":163,"column":37}},"163":{"start":{"line":164,"column":0},"end":{"line":164,"column":42}},"164":{"start":{"line":165,"column":0},"end":{"line":165,"column":39}},"165":{"start":{"line":166,"column":0},"end":{"line":166,"column":35}},"166":{"start":{"line":167,"column":0},"end":{"line":167,"column":39}},"167":{"start":{"line":168,"column":0},"end":{"line":168,"column":39}},"168":{"start":{"line":169,"column":0},"end":{"line":169,"column":45}},"169":{"start":{"line":170,"column":0},"end":{"line":170,"column":45}},"170":{"start":{"line":171,"column":0},"end":{"line":171,"column":7}},"171":{"start":{"line":172,"column":0},"end":{"line":172,"column":0}},"172":{"start":{"line":173,"column":0},"end":{"line":173,"column":62}},"173":{"start":{"line":174,"column":0},"end":{"line":174,"column":52}},"174":{"start":{"line":175,"column":0},"end":{"line":175,"column":45}},"175":{"start":{"line":176,"column":0},"end":{"line":176,"column":7}},"176":{"start":{"line":177,"column":0},"end":{"line":177,"column":3}},"177":{"start":{"line":178,"column":0},"end":{"line":178,"column":0}},"178":{"start":{"line":179,"column":0},"end":{"line":179,"column":5}},"179":{"start":{"line":180,"column":0},"end":{"line":180,"column":61}},"180":{"start":{"line":181,"column":0},"end":{"line":181,"column":5}},"181":{"start":{"line":182,"column":0},"end":{"line":182,"column":31}},"182":{"start":{"line":183,"column":0},"end":{"line":183,"column":79}},"183":{"start":{"line":184,"column":0},"end":{"line":184,"column":5}},"184":{"start":{"line":185,"column":0},"end":{"line":185,"column":71}},"185":{"start":{"line":186,"column":0},"end":{"line":186,"column":44}},"186":{"start":{"line":187,"column":0},"end":{"line":187,"column":0}},"187":{"start":{"line":188,"column":0},"end":{"line":188,"column":31}},"188":{"start":{"line":189,"column":0},"end":{"line":189,"column":26}},"189":{"start":{"line":190,"column":0},"end":{"line":190,"column":0}},"190":{"start":{"line":191,"column":0},"end":{"line":191,"column":49}},"191":{"start":{"line":192,"column":0},"end":{"line":192,"column":37}},"192":{"start":{"line":193,"column":0},"end":{"line":193,"column":0}},"193":{"start":{"line":194,"column":0},"end":{"line":194,"column":60}},"194":{"start":{"line":195,"column":0},"end":{"line":195,"column":42}},"195":{"start":{"line":196,"column":0},"end":{"line":196,"column":0}},"196":{"start":{"line":197,"column":0},"end":{"line":197,"column":80}},"197":{"start":{"line":198,"column":0},"end":{"line":198,"column":23}},"198":{"start":{"line":199,"column":0},"end":{"line":199,"column":48}},"199":{"start":{"line":200,"column":0},"end":{"line":200,"column":5}},"200":{"start":{"line":201,"column":0},"end":{"line":201,"column":0}},"201":{"start":{"line":202,"column":0},"end":{"line":202,"column":38}},"202":{"start":{"line":203,"column":0},"end":{"line":203,"column":0}},"203":{"start":{"line":204,"column":0},"end":{"line":204,"column":97}},"204":{"start":{"line":205,"column":0},"end":{"line":205,"column":127}},"205":{"start":{"line":206,"column":0},"end":{"line":206,"column":3}},"206":{"start":{"line":207,"column":0},"end":{"line":207,"column":0}},"207":{"start":{"line":208,"column":0},"end":{"line":208,"column":69}},"208":{"start":{"line":209,"column":0},"end":{"line":209,"column":0}},"209":{"start":{"line":210,"column":0},"end":{"line":210,"column":5}},"210":{"start":{"line":211,"column":0},"end":{"line":211,"column":65}},"211":{"start":{"line":212,"column":0},"end":{"line":212,"column":5}},"212":{"start":{"line":213,"column":0},"end":{"line":213,"column":65}},"213":{"start":{"line":214,"column":0},"end":{"line":214,"column":5}},"214":{"start":{"line":215,"column":0},"end":{"line":215,"column":63}},"215":{"start":{"line":216,"column":0},"end":{"line":216,"column":59}},"216":{"start":{"line":217,"column":0},"end":{"line":217,"column":51}},"217":{"start":{"line":218,"column":0},"end":{"line":218,"column":81}},"218":{"start":{"line":219,"column":0},"end":{"line":219,"column":0}},"219":{"start":{"line":220,"column":0},"end":{"line":220,"column":35}},"220":{"start":{"line":221,"column":0},"end":{"line":221,"column":0}},"221":{"start":{"line":222,"column":0},"end":{"line":222,"column":40}},"222":{"start":{"line":223,"column":0},"end":{"line":223,"column":24}},"223":{"start":{"line":224,"column":0},"end":{"line":224,"column":5}},"224":{"start":{"line":225,"column":0},"end":{"line":225,"column":0}},"225":{"start":{"line":226,"column":0},"end":{"line":226,"column":58}},"226":{"start":{"line":227,"column":0},"end":{"line":227,"column":39}},"227":{"start":{"line":228,"column":0},"end":{"line":228,"column":24}},"228":{"start":{"line":229,"column":0},"end":{"line":229,"column":5}},"229":{"start":{"line":230,"column":0},"end":{"line":230,"column":0}},"230":{"start":{"line":231,"column":0},"end":{"line":231,"column":72}},"231":{"start":{"line":232,"column":0},"end":{"line":232,"column":53}},"232":{"start":{"line":233,"column":0},"end":{"line":233,"column":0}},"233":{"start":{"line":234,"column":0},"end":{"line":234,"column":76}},"234":{"start":{"line":235,"column":0},"end":{"line":235,"column":48}},"235":{"start":{"line":236,"column":0},"end":{"line":236,"column":106}},"236":{"start":{"line":237,"column":0},"end":{"line":237,"column":0}},"237":{"start":{"line":238,"column":0},"end":{"line":238,"column":32}},"238":{"start":{"line":239,"column":0},"end":{"line":239,"column":3}},"239":{"start":{"line":240,"column":0},"end":{"line":240,"column":0}},"240":{"start":{"line":241,"column":0},"end":{"line":241,"column":69}},"241":{"start":{"line":242,"column":0},"end":{"line":242,"column":0}},"242":{"start":{"line":243,"column":0},"end":{"line":243,"column":30}},"243":{"start":{"line":244,"column":0},"end":{"line":244,"column":46}},"244":{"start":{"line":245,"column":0},"end":{"line":245,"column":39}},"245":{"start":{"line":246,"column":0},"end":{"line":246,"column":3}},"246":{"start":{"line":247,"column":0},"end":{"line":247,"column":0}},"247":{"start":{"line":248,"column":0},"end":{"line":248,"column":28}},"248":{"start":{"line":249,"column":0},"end":{"line":249,"column":17}},"249":{"start":{"line":250,"column":0},"end":{"line":250,"column":29}},"250":{"start":{"line":251,"column":0},"end":{"line":251,"column":3}},"251":{"start":{"line":252,"column":0},"end":{"line":252,"column":1}},"252":{"start":{"line":253,"column":0},"end":{"line":253,"column":0}},"253":{"start":{"line":254,"column":0},"end":{"line":254,"column":69}},"254":{"start":{"line":255,"column":0},"end":{"line":255,"column":0}},"255":{"start":{"line":256,"column":0},"end":{"line":256,"column":8}},"256":{"start":{"line":257,"column":0},"end":{"line":257,"column":14}},"257":{"start":{"line":258,"column":0},"end":{"line":258,"column":19}},"258":{"start":{"line":259,"column":0},"end":{"line":259,"column":18}},"259":{"start":{"line":260,"column":0},"end":{"line":260,"column":15}},"260":{"start":{"line":261,"column":0},"end":{"line":261,"column":16}},"261":{"start":{"line":262,"column":0},"end":{"line":262,"column":18}},"262":{"start":{"line":263,"column":0},"end":{"line":263,"column":2}},"263":{"start":{"line":264,"column":0},"end":{"line":264,"column":0}},"264":{"start":{"line":265,"column":0},"end":{"line":265,"column":13}},"265":{"start":{"line":266,"column":0},"end":{"line":266,"column":9}},"266":{"start":{"line":267,"column":0},"end":{"line":267,"column":13}},"267":{"start":{"line":268,"column":0},"end":{"line":268,"column":15}},"268":{"start":{"line":269,"column":0},"end":{"line":269,"column":16}},"269":{"start":{"line":270,"column":0},"end":{"line":270,"column":21}},"270":{"start":{"line":271,"column":0},"end":{"line":271,"column":18}},"271":{"start":{"line":272,"column":0},"end":{"line":272,"column":13}},"272":{"start":{"line":273,"column":0},"end":{"line":273,"column":9}},"273":{"start":{"line":274,"column":0},"end":{"line":274,"column":13}},"274":{"start":{"line":275,"column":0},"end":{"line":275,"column":2}}},"s":{"0":1,"1":1,"2":1,"3":1,"4":1,"5":1,"6":1,"7":1,"8":1,"9":1,"10":1,"11":1,"12":1,"13":1,"14":1,"15":1,"16":1,"17":1,"18":1,"19":1,"20":1,"21":1,"22":1,"23":1,"24":1,"25":1,"26":1,"27":1,"28":1,"29":1,"30":1,"31":1,"32":1,"33":1,"34":1,"35":1,"36":1,"37":1,"38":1,"39":1,"40":1,"41":1,"42":1,"43":1,"44":1,"45":1,"46":1,"47":1,"48":1,"49":1,"50":1,"51":1,"52":1,"53":1,"54":1,"55":1,"56":1,"57":1,"58":1,"59":1,"60":1,"61":1,"62":1,"63":1,"64":1,"65":1,"66":1,"67":1,"68":1,"69":1,"70":1,"71":1,"72":1,"73":1,"74":1,"75":6,"76":6,"77":6,"78":6,"79":6,"80":6,"81":6,"82":6,"83":6,"84":6,"85":6,"86":6,"87":6,"88":6,"89":6,"90":6,"91":6,"92":6,"93":6,"94":6,"95":6,"96":6,"97":6,"98":6,"99":6,"100":6,"101":6,"102":0,"103":0,"104":6,"105":6,"106":6,"107":6,"108":6,"109":6,"110":6,"111":6,"112":6,"113":6,"114":9,"115":9,"116":9,"117":9,"118":9,"119":9,"120":9,"121":6,"122":6,"123":6,"124":2,"125":2,"126":6,"127":6,"128":6,"129":4,"130":4,"131":6,"132":6,"133":6,"134":1,"135":1,"136":6,"137":6,"138":6,"139":1,"140":1,"141":6,"142":6,"143":6,"144":1,"145":1,"146":6,"147":6,"148":6,"149":6,"150":6,"151":6,"152":6,"153":6,"154":6,"155":6,"156":0,"157":0,"158":0,"159":0,"160":0,"161":0,"162":0,"163":0,"164":0,"165":0,"166":0,"167":0,"168":0,"169":0,"170":0,"171":0,"172":0,"173":0,"174":0,"175":0,"176":0,"177":6,"178":6,"179":6,"180":6,"181":6,"182":6,"183":6,"184":6,"185":0,"186":0,"187":0,"188":0,"189":0,"190":0,"191":0,"192":0,"193":0,"194":0,"195":0,"196":0,"197":0,"198":0,"199":0,"200":0,"201":0,"202":0,"203":0,"204":0,"205":0,"206":6,"207":6,"208":6,"209":6,"210":6,"211":6,"212":6,"213":6,"214":6,"215":0,"216":0,"217":0,"218":0,"219":0,"220":0,"221":0,"222":0,"223":0,"224":0,"225":0,"226":0,"227":0,"228":0,"229":0,"230":0,"231":0,"232":0,"233":0,"234":0,"235":0,"236":0,"237":0,"238":0,"239":6,"240":6,"241":6,"242":6,"243":6,"244":1,"245":1,"246":6,"247":6,"248":6,"249":6,"250":6,"251":6,"252":1,"253":1,"254":1,"255":1,"256":1,"257":1,"258":1,"259":1,"260":1,"261":1,"262":1,"263":1,"264":1,"265":1,"266":1,"267":1,"268":1,"269":1,"270":1,"271":1,"272":1,"273":1,"274":1},"branchMap":{"0":{"type":"branch","line":75,"loc":{"start":{"line":75,"column":7},"end":{"line":252,"column":1}},"locations":[{"start":{"line":75,"column":7},"end":{"line":252,"column":1}}]},"1":{"type":"branch","line":80,"loc":{"start":{"line":80,"column":10},"end":{"line":84,"column":3}},"locations":[{"start":{"line":80,"column":10},"end":{"line":84,"column":3}}]},"2":{"type":"branch","line":92,"loc":{"start":{"line":92,"column":2},"end":{"line":109,"column":3}},"locations":[{"start":{"line":92,"column":2},"end":{"line":109,"column":3}}]},"3":{"type":"branch","line":93,"loc":{"start":{"line":93,"column":27},"end":{"line":93,"column":67}},"locations":[{"start":{"line":93,"column":27},"end":{"line":93,"column":67}}]},"4":{"type":"branch","line":102,"loc":{"start":{"line":102,"column":20},"end":{"line":104,"column":5}},"locations":[{"start":{"line":102,"column":20},"end":{"line":104,"column":5}}]},"5":{"type":"branch","line":114,"loc":{"start":{"line":114,"column":2},"end":{"line":121,"column":3}},"locations":[{"start":{"line":114,"column":2},"end":{"line":121,"column":3}}]},"6":{"type":"branch","line":124,"loc":{"start":{"line":124,"column":2},"end":{"line":126,"column":3}},"locations":[{"start":{"line":124,"column":2},"end":{"line":126,"column":3}}]},"7":{"type":"branch","line":129,"loc":{"start":{"line":129,"column":2},"end":{"line":131,"column":3}},"locations":[{"start":{"line":129,"column":2},"end":{"line":131,"column":3}}]},"8":{"type":"branch","line":134,"loc":{"start":{"line":134,"column":2},"end":{"line":136,"column":3}},"locations":[{"start":{"line":134,"column":2},"end":{"line":136,"column":3}}]},"9":{"type":"branch","line":139,"loc":{"start":{"line":139,"column":2},"end":{"line":141,"column":3}},"locations":[{"start":{"line":139,"column":2},"end":{"line":141,"column":3}}]},"10":{"type":"branch","line":144,"loc":{"start":{"line":144,"column":2},"end":{"line":146,"column":3}},"locations":[{"start":{"line":144,"column":2},"end":{"line":146,"column":3}}]},"11":{"type":"branch","line":244,"loc":{"start":{"line":244,"column":2},"end":{"line":246,"column":3}},"locations":[{"start":{"line":244,"column":2},"end":{"line":246,"column":3}}]},"12":{"type":"branch","line":249,"loc":{"start":{"line":249,"column":2},"end":{"line":251,"column":3}},"locations":[{"start":{"line":249,"column":2},"end":{"line":251,"column":3}}]}},"b":{"0":[6],"1":[6],"2":[6],"3":[0],"4":[0],"5":[9],"6":[2],"7":[4],"8":[1],"9":[1],"10":[1],"11":[1],"12":[6]},"fnMap":{"0":{"name":"<instance_members_initializer>","decl":{"start":{"line":75,"column":7},"end":{"line":252,"column":1}},"loc":{"start":{"line":75,"column":7},"end":{"line":252,"column":1}},"line":75},"1":{"name":"Omnimind","decl":{"start":{"line":80,"column":10},"end":{"line":84,"column":3}},"loc":{"start":{"line":80,"column":10},"end":{"line":84,"column":3}},"line":80},"2":{"name":"create","decl":{"start":{"line":92,"column":2},"end":{"line":109,"column":3}},"loc":{"start":{"line":92,"column":2},"end":{"line":109,"column":3}},"line":92},"3":{"name":"store","decl":{"start":{"line":114,"column":2},"end":{"line":121,"column":3}},"loc":{"start":{"line":114,"column":2},"end":{"line":121,"column":3}},"line":114},"4":{"name":"search","decl":{"start":{"line":124,"column":2},"end":{"line":126,"column":3}},"loc":{"start":{"line":124,"column":2},"end":{"line":126,"column":3}},"line":124},"5":{"name":"get","decl":{"start":{"line":129,"column":2},"end":{"line":131,"column":3}},"loc":{"start":{"line":129,"column":2},"end":{"line":131,"column":3}},"line":129},"6":{"name":"delete","decl":{"start":{"line":134,"column":2},"end":{"line":136,"column":3}},"loc":{"start":{"line":134,"column":2},"end":{"line":136,"column":3}},"line":134},"7":{"name":"pin","decl":{"start":{"line":139,"column":2},"end":{"line":141,"column":3}},"loc":{"start":{"line":139,"column":2},"end":{"line":141,"column":3}},"line":139},"8":{"name":"unpin","decl":{"start":{"line":144,"column":2},"end":{"line":146,"column":3}},"loc":{"start":{"line":144,"column":2},"end":{"line":146,"column":3}},"line":144},"9":{"name":"predict","decl":{"start":{"line":156,"column":2},"end":{"line":177,"column":3}},"loc":{"start":{"line":156,"column":2},"end":{"line":177,"column":3}},"line":156},"10":{"name":"formatPredictions","decl":{"start":{"line":185,"column":2},"end":{"line":206,"column":3}},"loc":{"start":{"line":185,"column":2},"end":{"line":206,"column":3}},"line":185},"11":{"name":"checkAging","decl":{"start":{"line":215,"column":2},"end":{"line":239,"column":3}},"loc":{"start":{"line":215,"column":2},"end":{"line":239,"column":3}},"line":215},"12":{"name":"stats","decl":{"start":{"line":244,"column":2},"end":{"line":246,"column":3}},"loc":{"start":{"line":244,"column":2},"end":{"line":246,"column":3}},"line":244},"13":{"name":"close","decl":{"start":{"line":249,"column":2},"end":{"line":251,"column":3}},"loc":{"start":{"line":249,"column":2},"end":{"line":251,"column":3}},"line":249}},"f":{"0":6,"1":6,"2":6,"3":9,"4":2,"5":4,"6":1,"7":1,"8":1,"9":0,"10":0,"11":0,"12":1,"13":6}}
,"/Users/federicocesconi/Dev/omnimind/src/core/CryptoEngine.ts": {"path":"/Users/federicocesconi/Dev/omnimind/src/core/CryptoEngine.ts","all":false,"statementMap":{"0":{"start":{"line":1,"column":0},"end":{"line":1,"column":3}},"1":{"start":{"line":2,"column":0},"end":{"line":2,"column":67}},"2":{"start":{"line":3,"column":0},"end":{"line":3,"column":2}},"3":{"start":{"line":4,"column":0},"end":{"line":4,"column":77}},"4":{"start":{"line":5,"column":0},"end":{"line":5,"column":69}},"5":{"start":{"line":6,"column":0},"end":{"line":6,"column":2}},"6":{"start":{"line":7,"column":0},"end":{"line":7,"column":70}},"7":{"start":{"line":8,"column":0},"end":{"line":8,"column":73}},"8":{"start":{"line":9,"column":0},"end":{"line":9,"column":3}},"9":{"start":{"line":10,"column":0},"end":{"line":10,"column":0}},"10":{"start":{"line":11,"column":0},"end":{"line":11,"column":93}},"11":{"start":{"line":12,"column":0},"end":{"line":12,"column":40}},"12":{"start":{"line":13,"column":0},"end":{"line":13,"column":50}},"13":{"start":{"line":14,"column":0},"end":{"line":14,"column":0}},"14":{"start":{"line":15,"column":0},"end":{"line":15,"column":31}},"15":{"start":{"line":16,"column":0},"end":{"line":16,"column":32}},"16":{"start":{"line":17,"column":0},"end":{"line":17,"column":32}},"17":{"start":{"line":18,"column":0},"end":{"line":18,"column":37}},"18":{"start":{"line":19,"column":0},"end":{"line":19,"column":40}},"19":{"start":{"line":20,"column":0},"end":{"line":20,"column":34}},"20":{"start":{"line":21,"column":0},"end":{"line":21,"column":1}},"21":{"start":{"line":22,"column":0},"end":{"line":22,"column":0}},"22":{"start":{"line":23,"column":0},"end":{"line":23,"column":37}},"23":{"start":{"line":24,"column":0},"end":{"line":24,"column":37}},"24":{"start":{"line":25,"column":0},"end":{"line":25,"column":62}},"25":{"start":{"line":26,"column":0},"end":{"line":26,"column":34}},"26":{"start":{"line":27,"column":0},"end":{"line":27,"column":59}},"27":{"start":{"line":28,"column":0},"end":{"line":28,"column":28}},"28":{"start":{"line":29,"column":0},"end":{"line":29,"column":1}},"29":{"start":{"line":30,"column":0},"end":{"line":30,"column":0}},"30":{"start":{"line":31,"column":0},"end":{"line":31,"column":3}},"31":{"start":{"line":32,"column":0},"end":{"line":32,"column":46}},"32":{"start":{"line":33,"column":0},"end":{"line":33,"column":2}},"33":{"start":{"line":34,"column":0},"end":{"line":34,"column":9}},"34":{"start":{"line":35,"column":0},"end":{"line":35,"column":16}},"35":{"start":{"line":36,"column":0},"end":{"line":36,"column":37}},"36":{"start":{"line":37,"column":0},"end":{"line":37,"column":64}},"37":{"start":{"line":38,"column":0},"end":{"line":38,"column":47}},"38":{"start":{"line":39,"column":0},"end":{"line":39,"column":6}},"39":{"start":{"line":40,"column":0},"end":{"line":40,"column":3}},"40":{"start":{"line":41,"column":0},"end":{"line":41,"column":27}},"41":{"start":{"line":42,"column":0},"end":{"line":42,"column":31}},"42":{"start":{"line":43,"column":0},"end":{"line":43,"column":32}},"43":{"start":{"line":44,"column":0},"end":{"line":44,"column":0}},"44":{"start":{"line":45,"column":0},"end":{"line":45,"column":48}},"45":{"start":{"line":46,"column":0},"end":{"line":46,"column":47}},"46":{"start":{"line":47,"column":0},"end":{"line":47,"column":46}},"47":{"start":{"line":48,"column":0},"end":{"line":48,"column":41}},"48":{"start":{"line":49,"column":0},"end":{"line":49,"column":52}},"49":{"start":{"line":50,"column":0},"end":{"line":50,"column":16}},"50":{"start":{"line":51,"column":0},"end":{"line":51,"column":87}},"51":{"start":{"line":52,"column":0},"end":{"line":52,"column":3}},"52":{"start":{"line":53,"column":0},"end":{"line":53,"column":0}},"53":{"start":{"line":54,"column":0},"end":{"line":54,"column":5}},"54":{"start":{"line":55,"column":0},"end":{"line":55,"column":49}},"55":{"start":{"line":56,"column":0},"end":{"line":56,"column":4}},"56":{"start":{"line":57,"column":0},"end":{"line":57,"column":46}},"57":{"start":{"line":58,"column":0},"end":{"line":58,"column":5}},"58":{"start":{"line":59,"column":0},"end":{"line":59,"column":53}},"59":{"start":{"line":60,"column":0},"end":{"line":60,"column":9}},"60":{"start":{"line":61,"column":0},"end":{"line":61,"column":33}},"61":{"start":{"line":62,"column":0},"end":{"line":62,"column":65}},"62":{"start":{"line":63,"column":0},"end":{"line":63,"column":90}},"63":{"start":{"line":64,"column":0},"end":{"line":64,"column":42}},"64":{"start":{"line":65,"column":0},"end":{"line":65,"column":0}},"65":{"start":{"line":66,"column":0},"end":{"line":66,"column":17}},"66":{"start":{"line":67,"column":0},"end":{"line":67,"column":34}},"67":{"start":{"line":68,"column":0},"end":{"line":68,"column":44}},"68":{"start":{"line":69,"column":0},"end":{"line":69,"column":49}},"69":{"start":{"line":70,"column":0},"end":{"line":70,"column":43}},"70":{"start":{"line":71,"column":0},"end":{"line":71,"column":9}},"71":{"start":{"line":72,"column":0},"end":{"line":72,"column":21}},"72":{"start":{"line":73,"column":0},"end":{"line":73,"column":76}},"73":{"start":{"line":74,"column":0},"end":{"line":74,"column":5}},"74":{"start":{"line":75,"column":0},"end":{"line":75,"column":3}},"75":{"start":{"line":76,"column":0},"end":{"line":76,"column":0}},"76":{"start":{"line":77,"column":0},"end":{"line":77,"column":5}},"77":{"start":{"line":78,"column":0},"end":{"line":78,"column":49}},"78":{"start":{"line":79,"column":0},"end":{"line":79,"column":5}},"79":{"start":{"line":80,"column":0},"end":{"line":80,"column":48}},"80":{"start":{"line":81,"column":0},"end":{"line":81,"column":9}},"81":{"start":{"line":82,"column":0},"end":{"line":82,"column":48}},"82":{"start":{"line":83,"column":0},"end":{"line":83,"column":58}},"83":{"start":{"line":84,"column":0},"end":{"line":84,"column":64}},"84":{"start":{"line":85,"column":0},"end":{"line":85,"column":0}},"85":{"start":{"line":86,"column":0},"end":{"line":86,"column":69}},"86":{"start":{"line":87,"column":0},"end":{"line":87,"column":35}},"87":{"start":{"line":88,"column":0},"end":{"line":88,"column":87}},"88":{"start":{"line":89,"column":0},"end":{"line":89,"column":0}},"89":{"start":{"line":90,"column":0},"end":{"line":90,"column":44}},"90":{"start":{"line":91,"column":0},"end":{"line":91,"column":21}},"91":{"start":{"line":92,"column":0},"end":{"line":92,"column":76}},"92":{"start":{"line":93,"column":0},"end":{"line":93,"column":5}},"93":{"start":{"line":94,"column":0},"end":{"line":94,"column":3}},"94":{"start":{"line":95,"column":0},"end":{"line":95,"column":0}},"95":{"start":{"line":96,"column":0},"end":{"line":96,"column":63}},"96":{"start":{"line":97,"column":0},"end":{"line":97,"column":21}},"97":{"start":{"line":98,"column":0},"end":{"line":98,"column":40}},"98":{"start":{"line":99,"column":0},"end":{"line":99,"column":3}},"99":{"start":{"line":100,"column":0},"end":{"line":100,"column":1}},"100":{"start":{"line":101,"column":0},"end":{"line":101,"column":0}},"101":{"start":{"line":102,"column":0},"end":{"line":102,"column":44}},"102":{"start":{"line":103,"column":0},"end":{"line":103,"column":42}},"103":{"start":{"line":104,"column":0},"end":{"line":104,"column":79}},"104":{"start":{"line":105,"column":0},"end":{"line":105,"column":80}},"105":{"start":{"line":106,"column":0},"end":{"line":106,"column":90}},"106":{"start":{"line":107,"column":0},"end":{"line":107,"column":74}},"107":{"start":{"line":108,"column":0},"end":{"line":108,"column":1}}},"s":{"0":1,"1":1,"2":1,"3":1,"4":1,"5":1,"6":1,"7":1,"8":1,"9":1,"10":1,"11":1,"12":1,"13":1,"14":1,"15":1,"16":1,"17":1,"18":1,"19":1,"20":1,"21":1,"22":1,"23":1,"24":1,"25":1,"26":1,"27":1,"28":1,"29":1,"30":1,"31":1,"32":1,"33":1,"34":1,"35":1,"36":1,"37":1,"38":1,"39":1,"40":1,"41":7,"42":7,"43":7,"44":7,"45":7,"46":7,"47":7,"48":7,"49":7,"50":7,"51":7,"52":7,"53":7,"54":7,"55":7,"56":7,"57":7,"58":7,"59":7,"60":7,"61":7,"62":7,"63":7,"64":7,"65":7,"66":7,"67":7,"68":7,"69":7,"70":7,"71":7,"72":0,"73":0,"74":7,"75":7,"76":7,"77":7,"78":7,"79":7,"80":5,"81":5,"82":5,"83":5,"84":5,"85":5,"86":5,"87":5,"88":5,"89":5,"90":5,"91":2,"92":2,"93":5,"94":7,"95":7,"96":7,"97":0,"98":0,"99":7,"100":1,"101":1,"102":7,"103":7,"104":7,"105":7,"106":7,"107":7},"branchMap":{"0":{"type":"branch","line":41,"loc":{"start":{"line":41,"column":7},"end":{"line":100,"column":1}},"locations":[{"start":{"line":41,"column":7},"end":{"line":100,"column":1}}]},"1":{"type":"branch","line":45,"loc":{"start":{"line":45,"column":2},"end":{"line":52,"column":3}},"locations":[{"start":{"line":45,"column":2},"end":{"line":52,"column":3}}]},"2":{"type":"branch","line":59,"loc":{"start":{"line":59,"column":2},"end":{"line":75,"column":3}},"locations":[{"start":{"line":59,"column":2},"end":{"line":75,"column":3}}]},"3":{"type":"branch","line":72,"loc":{"start":{"line":72,"column":4},"end":{"line":74,"column":5}},"locations":[{"start":{"line":72,"column":4},"end":{"line":74,"column":5}}]},"4":{"type":"branch","line":80,"loc":{"start":{"line":80,"column":2},"end":{"line":94,"column":3}},"locations":[{"start":{"line":80,"column":2},"end":{"line":94,"column":3}}]},"5":{"type":"branch","line":91,"loc":{"start":{"line":91,"column":4},"end":{"line":93,"column":5}},"locations":[{"start":{"line":91,"column":4},"end":{"line":93,"column":5}}]},"6":{"type":"branch","line":92,"loc":{"start":{"line":92,"column":42},"end":{"line":92,"column":74}},"locations":[{"start":{"line":92,"column":42},"end":{"line":92,"column":74}}]},"7":{"type":"branch","line":103,"loc":{"start":{"line":103,"column":0},"end":{"line":108,"column":1}},"locations":[{"start":{"line":103,"column":0},"end":{"line":108,"column":1}}]}},"b":{"0":[7],"1":[7],"2":[7],"3":[0],"4":[5],"5":[2],"6":[0],"7":[7]},"fnMap":{"0":{"name":"<instance_members_initializer>","decl":{"start":{"line":41,"column":7},"end":{"line":100,"column":1}},"loc":{"start":{"line":41,"column":7},"end":{"line":100,"column":1}},"line":41},"1":{"name":"CryptoEngine","decl":{"start":{"line":45,"column":2},"end":{"line":52,"column":3}},"loc":{"start":{"line":45,"column":2},"end":{"line":52,"column":3}},"line":45},"2":{"name":"encrypt","decl":{"start":{"line":59,"column":2},"end":{"line":75,"column":3}},"loc":{"start":{"line":59,"column":2},"end":{"line":75,"column":3}},"line":59},"3":{"name":"decrypt","decl":{"start":{"line":80,"column":2},"end":{"line":94,"column":3}},"loc":{"start":{"line":80,"column":2},"end":{"line":94,"column":3}},"line":80},"4":{"name":"getSalt","decl":{"start":{"line":97,"column":2},"end":{"line":99,"column":3}},"loc":{"start":{"line":97,"column":2},"end":{"line":99,"column":3}},"line":97},"5":{"name":"getMachineFingerprint","decl":{"start":{"line":103,"column":0},"end":{"line":108,"column":1}},"loc":{"start":{"line":103,"column":0},"end":{"line":108,"column":1}},"line":103}},"f":{"0":7,"1":7,"2":7,"3":5,"4":0,"5":7}}
,"/Users/federicocesconi/Dev/omnimind/src/core/EmbeddingEngine.ts": {"path":"/Users/federicocesconi/Dev/omnimind/src/core/EmbeddingEngine.ts","all":false,"statementMap":{"0":{"start":{"line":1,"column":0},"end":{"line":1,"column":3}},"1":{"start":{"line":2,"column":0},"end":{"line":2,"column":52}},"2":{"start":{"line":3,"column":0},"end":{"line":3,"column":3}},"3":{"start":{"line":4,"column":0},"end":{"line":4,"column":80}},"4":{"start":{"line":5,"column":0},"end":{"line":5,"column":51}},"5":{"start":{"line":6,"column":0},"end":{"line":6,"column":3}},"6":{"start":{"line":7,"column":0},"end":{"line":7,"column":49}},"7":{"start":{"line":8,"column":0},"end":{"line":8,"column":31}},"8":{"start":{"line":9,"column":0},"end":{"line":9,"column":3}},"9":{"start":{"line":10,"column":0},"end":{"line":10,"column":0}},"10":{"start":{"line":11,"column":0},"end":{"line":11,"column":40}},"11":{"start":{"line":12,"column":0},"end":{"line":12,"column":50}},"12":{"start":{"line":13,"column":0},"end":{"line":13,"column":28}},"13":{"start":{"line":14,"column":0},"end":{"line":14,"column":29}},"14":{"start":{"line":15,"column":0},"end":{"line":15,"column":72}},"15":{"start":{"line":16,"column":0},"end":{"line":16,"column":0}},"16":{"start":{"line":17,"column":0},"end":{"line":17,"column":34}},"17":{"start":{"line":18,"column":0},"end":{"line":18,"column":22}},"18":{"start":{"line":19,"column":0},"end":{"line":19,"column":32}},"19":{"start":{"line":20,"column":0},"end":{"line":20,"column":18}},"20":{"start":{"line":21,"column":0},"end":{"line":21,"column":25}},"21":{"start":{"line":22,"column":0},"end":{"line":22,"column":18}},"22":{"start":{"line":23,"column":0},"end":{"line":23,"column":11}},"23":{"start":{"line":24,"column":0},"end":{"line":24,"column":0}},"24":{"start":{"line":25,"column":0},"end":{"line":25,"column":48}},"25":{"start":{"line":26,"column":0},"end":{"line":26,"column":17}},"26":{"start":{"line":27,"column":0},"end":{"line":27,"column":95}},"27":{"start":{"line":28,"column":0},"end":{"line":28,"column":0}},"28":{"start":{"line":29,"column":0},"end":{"line":29,"column":31}},"29":{"start":{"line":30,"column":0},"end":{"line":30,"column":17}},"30":{"start":{"line":31,"column":0},"end":{"line":31,"column":89}},"31":{"start":{"line":32,"column":0},"end":{"line":32,"column":0}},"32":{"start":{"line":33,"column":0},"end":{"line":33,"column":40}},"33":{"start":{"line":34,"column":0},"end":{"line":34,"column":21}},"34":{"start":{"line":35,"column":0},"end":{"line":35,"column":20}},"35":{"start":{"line":36,"column":0},"end":{"line":36,"column":29}},"36":{"start":{"line":37,"column":0},"end":{"line":37,"column":1}},"37":{"start":{"line":38,"column":0},"end":{"line":38,"column":0}},"38":{"start":{"line":39,"column":0},"end":{"line":39,"column":3}},"39":{"start":{"line":40,"column":0},"end":{"line":40,"column":45}},"40":{"start":{"line":41,"column":0},"end":{"line":41,"column":3}},"41":{"start":{"line":42,"column":0},"end":{"line":42,"column":9}},"42":{"start":{"line":43,"column":0},"end":{"line":43,"column":16}},"43":{"start":{"line":44,"column":0},"end":{"line":44,"column":40}},"44":{"start":{"line":45,"column":0},"end":{"line":45,"column":23}},"45":{"start":{"line":46,"column":0},"end":{"line":46,"column":3}},"46":{"start":{"line":47,"column":0},"end":{"line":47,"column":55}},"47":{"start":{"line":48,"column":0},"end":{"line":48,"column":22}},"48":{"start":{"line":49,"column":0},"end":{"line":49,"column":48}},"49":{"start":{"line":50,"column":0},"end":{"line":50,"column":4}},"50":{"start":{"line":51,"column":0},"end":{"line":51,"column":6}},"51":{"start":{"line":52,"column":0},"end":{"line":52,"column":3}},"52":{"start":{"line":53,"column":0},"end":{"line":53,"column":30}},"53":{"start":{"line":54,"column":0},"end":{"line":54,"column":54}},"54":{"start":{"line":55,"column":0},"end":{"line":55,"column":51}},"55":{"start":{"line":56,"column":0},"end":{"line":56,"column":94}},"56":{"start":{"line":57,"column":0},"end":{"line":57,"column":30}},"57":{"start":{"line":58,"column":0},"end":{"line":58,"column":0}},"58":{"start":{"line":59,"column":0},"end":{"line":59,"column":51}},"59":{"start":{"line":60,"column":0},"end":{"line":60,"column":79}},"60":{"start":{"line":61,"column":0},"end":{"line":61,"column":19}},"61":{"start":{"line":62,"column":0},"end":{"line":62,"column":66}},"62":{"start":{"line":63,"column":0},"end":{"line":63,"column":15}},"63":{"start":{"line":64,"column":0},"end":{"line":64,"column":84}},"64":{"start":{"line":65,"column":0},"end":{"line":65,"column":6}},"65":{"start":{"line":66,"column":0},"end":{"line":66,"column":3}},"66":{"start":{"line":67,"column":0},"end":{"line":67,"column":0}},"67":{"start":{"line":68,"column":0},"end":{"line":68,"column":43}},"68":{"start":{"line":69,"column":0},"end":{"line":69,"column":39}},"69":{"start":{"line":70,"column":0},"end":{"line":70,"column":9}},"70":{"start":{"line":71,"column":0},"end":{"line":71,"column":38}},"71":{"start":{"line":72,"column":0},"end":{"line":72,"column":59}},"72":{"start":{"line":73,"column":0},"end":{"line":73,"column":0}},"73":{"start":{"line":74,"column":0},"end":{"line":74,"column":33}},"74":{"start":{"line":75,"column":0},"end":{"line":75,"column":47}},"75":{"start":{"line":76,"column":0},"end":{"line":76,"column":82}},"76":{"start":{"line":77,"column":0},"end":{"line":77,"column":35}},"77":{"start":{"line":78,"column":0},"end":{"line":78,"column":7}},"78":{"start":{"line":79,"column":0},"end":{"line":79,"column":0}},"79":{"start":{"line":80,"column":0},"end":{"line":80,"column":43}},"80":{"start":{"line":81,"column":0},"end":{"line":81,"column":64}},"81":{"start":{"line":82,"column":0},"end":{"line":82,"column":35}},"82":{"start":{"line":83,"column":0},"end":{"line":83,"column":77}},"83":{"start":{"line":84,"column":0},"end":{"line":84,"column":44}},"84":{"start":{"line":85,"column":0},"end":{"line":85,"column":7}},"85":{"start":{"line":86,"column":0},"end":{"line":86,"column":0}},"86":{"start":{"line":87,"column":0},"end":{"line":87,"column":26}},"87":{"start":{"line":88,"column":0},"end":{"line":88,"column":79}},"88":{"start":{"line":89,"column":0},"end":{"line":89,"column":36}},"89":{"start":{"line":90,"column":0},"end":{"line":90,"column":38}},"90":{"start":{"line":91,"column":0},"end":{"line":91,"column":9}},"91":{"start":{"line":92,"column":0},"end":{"line":92,"column":0}},"92":{"start":{"line":93,"column":0},"end":{"line":93,"column":23}},"93":{"start":{"line":94,"column":0},"end":{"line":94,"column":85}},"94":{"start":{"line":95,"column":0},"end":{"line":95,"column":0}},"95":{"start":{"line":96,"column":0},"end":{"line":96,"column":30}},"96":{"start":{"line":97,"column":0},"end":{"line":97,"column":102}},"97":{"start":{"line":98,"column":0},"end":{"line":98,"column":27}},"98":{"start":{"line":99,"column":0},"end":{"line":99,"column":21}},"99":{"start":{"line":100,"column":0},"end":{"line":100,"column":76}},"100":{"start":{"line":101,"column":0},"end":{"line":101,"column":5}},"101":{"start":{"line":102,"column":0},"end":{"line":102,"column":3}},"102":{"start":{"line":103,"column":0},"end":{"line":103,"column":0}},"103":{"start":{"line":104,"column":0},"end":{"line":104,"column":5}},"104":{"start":{"line":105,"column":0},"end":{"line":105,"column":62}},"105":{"start":{"line":106,"column":0},"end":{"line":106,"column":5}},"106":{"start":{"line":107,"column":0},"end":{"line":107,"column":54}},"107":{"start":{"line":108,"column":0},"end":{"line":108,"column":5}},"108":{"start":{"line":109,"column":0},"end":{"line":109,"column":60}},"109":{"start":{"line":110,"column":0},"end":{"line":110,"column":64}},"110":{"start":{"line":111,"column":0},"end":{"line":111,"column":63}},"111":{"start":{"line":112,"column":0},"end":{"line":112,"column":5}},"112":{"start":{"line":113,"column":0},"end":{"line":113,"column":0}},"113":{"start":{"line":114,"column":0},"end":{"line":114,"column":9}},"114":{"start":{"line":115,"column":0},"end":{"line":115,"column":34}},"115":{"start":{"line":116,"column":0},"end":{"line":116,"column":21}},"116":{"start":{"line":117,"column":0},"end":{"line":117,"column":61}},"117":{"start":{"line":118,"column":0},"end":{"line":118,"column":7}},"118":{"start":{"line":119,"column":0},"end":{"line":119,"column":0}},"119":{"start":{"line":120,"column":0},"end":{"line":120,"column":17}},"120":{"start":{"line":121,"column":0},"end":{"line":121,"column":73}},"121":{"start":{"line":122,"column":0},"end":{"line":122,"column":0}},"122":{"start":{"line":123,"column":0},"end":{"line":123,"column":23}},"123":{"start":{"line":124,"column":0},"end":{"line":124,"column":114}},"124":{"start":{"line":125,"column":0},"end":{"line":125,"column":123}},"125":{"start":{"line":126,"column":0},"end":{"line":126,"column":121}},"126":{"start":{"line":127,"column":0},"end":{"line":127,"column":0}},"127":{"start":{"line":128,"column":0},"end":{"line":128,"column":22}},"128":{"start":{"line":129,"column":0},"end":{"line":129,"column":46}},"129":{"start":{"line":130,"column":0},"end":{"line":130,"column":31}},"130":{"start":{"line":131,"column":0},"end":{"line":131,"column":35}},"131":{"start":{"line":132,"column":0},"end":{"line":132,"column":40}},"132":{"start":{"line":133,"column":0},"end":{"line":133,"column":9}},"133":{"start":{"line":134,"column":0},"end":{"line":134,"column":0}},"134":{"start":{"line":135,"column":0},"end":{"line":135,"column":62}},"135":{"start":{"line":136,"column":0},"end":{"line":136,"column":70}},"136":{"start":{"line":137,"column":0},"end":{"line":137,"column":91}},"137":{"start":{"line":138,"column":0},"end":{"line":138,"column":0}},"138":{"start":{"line":139,"column":0},"end":{"line":139,"column":18}},"139":{"start":{"line":140,"column":0},"end":{"line":140,"column":35}},"140":{"start":{"line":141,"column":0},"end":{"line":141,"column":34}},"141":{"start":{"line":142,"column":0},"end":{"line":142,"column":7}},"142":{"start":{"line":143,"column":0},"end":{"line":143,"column":0}},"143":{"start":{"line":144,"column":0},"end":{"line":144,"column":27}},"144":{"start":{"line":145,"column":0},"end":{"line":145,"column":21}},"145":{"start":{"line":146,"column":0},"end":{"line":146,"column":76}},"146":{"start":{"line":147,"column":0},"end":{"line":147,"column":5}},"147":{"start":{"line":148,"column":0},"end":{"line":148,"column":3}},"148":{"start":{"line":149,"column":0},"end":{"line":149,"column":0}},"149":{"start":{"line":150,"column":0},"end":{"line":150,"column":5}},"150":{"start":{"line":151,"column":0},"end":{"line":151,"column":68}},"151":{"start":{"line":152,"column":0},"end":{"line":152,"column":5}},"152":{"start":{"line":153,"column":0},"end":{"line":153,"column":49}},"153":{"start":{"line":154,"column":0},"end":{"line":154,"column":5}},"154":{"start":{"line":155,"column":0},"end":{"line":155,"column":70}},"155":{"start":{"line":156,"column":0},"end":{"line":156,"column":64}},"156":{"start":{"line":157,"column":0},"end":{"line":157,"column":63}},"157":{"start":{"line":158,"column":0},"end":{"line":158,"column":5}},"158":{"start":{"line":159,"column":0},"end":{"line":159,"column":0}},"159":{"start":{"line":160,"column":0},"end":{"line":160,"column":9}},"160":{"start":{"line":161,"column":0},"end":{"line":161,"column":41}},"161":{"start":{"line":162,"column":0},"end":{"line":162,"column":0}},"162":{"start":{"line":163,"column":0},"end":{"line":163,"column":39}},"163":{"start":{"line":164,"column":0},"end":{"line":164,"column":26}},"164":{"start":{"line":165,"column":0},"end":{"line":165,"column":57}},"165":{"start":{"line":166,"column":0},"end":{"line":166,"column":52}},"166":{"start":{"line":167,"column":0},"end":{"line":167,"column":45}},"167":{"start":{"line":168,"column":0},"end":{"line":168,"column":40}},"168":{"start":{"line":169,"column":0},"end":{"line":169,"column":10}},"169":{"start":{"line":170,"column":0},"end":{"line":170,"column":37}},"170":{"start":{"line":171,"column":0},"end":{"line":171,"column":41}},"171":{"start":{"line":172,"column":0},"end":{"line":172,"column":32}},"172":{"start":{"line":173,"column":0},"end":{"line":173,"column":9}},"173":{"start":{"line":174,"column":0},"end":{"line":174,"column":7}},"174":{"start":{"line":175,"column":0},"end":{"line":175,"column":0}},"175":{"start":{"line":176,"column":0},"end":{"line":176,"column":25}},"176":{"start":{"line":177,"column":0},"end":{"line":177,"column":21}},"177":{"start":{"line":178,"column":0},"end":{"line":178,"column":76}},"178":{"start":{"line":179,"column":0},"end":{"line":179,"column":5}},"179":{"start":{"line":180,"column":0},"end":{"line":180,"column":3}},"180":{"start":{"line":181,"column":0},"end":{"line":181,"column":0}},"181":{"start":{"line":182,"column":0},"end":{"line":182,"column":23}},"182":{"start":{"line":183,"column":0},"end":{"line":183,"column":71}},"183":{"start":{"line":184,"column":0},"end":{"line":184,"column":12}},"184":{"start":{"line":185,"column":0},"end":{"line":185,"column":36}},"185":{"start":{"line":186,"column":0},"end":{"line":186,"column":42}},"186":{"start":{"line":187,"column":0},"end":{"line":187,"column":47}},"187":{"start":{"line":188,"column":0},"end":{"line":188,"column":6}},"188":{"start":{"line":189,"column":0},"end":{"line":189,"column":3}},"189":{"start":{"line":190,"column":0},"end":{"line":190,"column":0}},"190":{"start":{"line":191,"column":0},"end":{"line":191,"column":71}},"191":{"start":{"line":192,"column":0},"end":{"line":192,"column":0}},"192":{"start":{"line":193,"column":0},"end":{"line":193,"column":86}},"193":{"start":{"line":194,"column":0},"end":{"line":194,"column":43}},"194":{"start":{"line":195,"column":0},"end":{"line":195,"column":47}},"195":{"start":{"line":196,"column":0},"end":{"line":196,"column":48}},"196":{"start":{"line":197,"column":0},"end":{"line":197,"column":0}},"197":{"start":{"line":198,"column":0},"end":{"line":198,"column":24}},"198":{"start":{"line":199,"column":0},"end":{"line":199,"column":41}},"199":{"start":{"line":200,"column":0},"end":{"line":200,"column":35}},"200":{"start":{"line":201,"column":0},"end":{"line":201,"column":22}},"201":{"start":{"line":202,"column":0},"end":{"line":202,"column":38}},"202":{"start":{"line":203,"column":0},"end":{"line":203,"column":46}},"203":{"start":{"line":204,"column":0},"end":{"line":204,"column":49}},"204":{"start":{"line":205,"column":0},"end":{"line":205,"column":9}},"205":{"start":{"line":206,"column":0},"end":{"line":206,"column":7}},"206":{"start":{"line":207,"column":0},"end":{"line":207,"column":5}},"207":{"start":{"line":208,"column":0},"end":{"line":208,"column":0}},"208":{"start":{"line":209,"column":0},"end":{"line":209,"column":26}},"209":{"start":{"line":210,"column":0},"end":{"line":210,"column":44}},"210":{"start":{"line":211,"column":0},"end":{"line":211,"column":34}},"211":{"start":{"line":212,"column":0},"end":{"line":212,"column":7}},"212":{"start":{"line":213,"column":0},"end":{"line":213,"column":5}},"213":{"start":{"line":214,"column":0},"end":{"line":214,"column":0}},"214":{"start":{"line":215,"column":0},"end":{"line":215,"column":18}},"215":{"start":{"line":216,"column":0},"end":{"line":216,"column":3}},"216":{"start":{"line":217,"column":0},"end":{"line":217,"column":0}},"217":{"start":{"line":218,"column":0},"end":{"line":218,"column":49}},"218":{"start":{"line":219,"column":0},"end":{"line":219,"column":16}},"219":{"start":{"line":220,"column":0},"end":{"line":220,"column":45}},"220":{"start":{"line":221,"column":0},"end":{"line":221,"column":37}},"221":{"start":{"line":222,"column":0},"end":{"line":222,"column":5}},"222":{"start":{"line":223,"column":0},"end":{"line":223,"column":32}},"223":{"start":{"line":224,"column":0},"end":{"line":224,"column":19}},"224":{"start":{"line":225,"column":0},"end":{"line":225,"column":47}},"225":{"start":{"line":226,"column":0},"end":{"line":226,"column":27}},"226":{"start":{"line":227,"column":0},"end":{"line":227,"column":7}},"227":{"start":{"line":228,"column":0},"end":{"line":228,"column":5}},"228":{"start":{"line":229,"column":0},"end":{"line":229,"column":3}},"229":{"start":{"line":230,"column":0},"end":{"line":230,"column":0}},"230":{"start":{"line":231,"column":0},"end":{"line":231,"column":48}},"231":{"start":{"line":232,"column":0},"end":{"line":232,"column":44}},"232":{"start":{"line":233,"column":0},"end":{"line":233,"column":23}},"233":{"start":{"line":234,"column":0},"end":{"line":234,"column":74}},"234":{"start":{"line":235,"column":0},"end":{"line":235,"column":5}},"235":{"start":{"line":236,"column":0},"end":{"line":236,"column":48}},"236":{"start":{"line":237,"column":0},"end":{"line":237,"column":62}},"237":{"start":{"line":238,"column":0},"end":{"line":238,"column":3}},"238":{"start":{"line":239,"column":0},"end":{"line":239,"column":0}},"239":{"start":{"line":240,"column":0},"end":{"line":240,"column":65}},"240":{"start":{"line":241,"column":0},"end":{"line":241,"column":44}},"241":{"start":{"line":242,"column":0},"end":{"line":242,"column":23}},"242":{"start":{"line":243,"column":0},"end":{"line":243,"column":74}},"243":{"start":{"line":244,"column":0},"end":{"line":244,"column":5}},"244":{"start":{"line":245,"column":0},"end":{"line":245,"column":39}},"245":{"start":{"line":246,"column":0},"end":{"line":246,"column":35}},"246":{"start":{"line":247,"column":0},"end":{"line":247,"column":3}},"247":{"start":{"line":248,"column":0},"end":{"line":248,"column":1}},"248":{"start":{"line":249,"column":0},"end":{"line":249,"column":0}},"249":{"start":{"line":250,"column":0},"end":{"line":250,"column":69}},"250":{"start":{"line":251,"column":0},"end":{"line":251,"column":0}},"251":{"start":{"line":252,"column":0},"end":{"line":252,"column":3}},"252":{"start":{"line":253,"column":0},"end":{"line":253,"column":52}},"253":{"start":{"line":254,"column":0},"end":{"line":254,"column":3}},"254":{"start":{"line":255,"column":0},"end":{"line":255,"column":69}},"255":{"start":{"line":256,"column":0},"end":{"line":256,"column":65}},"256":{"start":{"line":257,"column":0},"end":{"line":257,"column":54}},"257":{"start":{"line":258,"column":0},"end":{"line":258,"column":3}},"258":{"start":{"line":259,"column":0},"end":{"line":259,"column":23}},"259":{"start":{"line":260,"column":0},"end":{"line":260,"column":37}},"260":{"start":{"line":261,"column":0},"end":{"line":261,"column":37}},"261":{"start":{"line":262,"column":0},"end":{"line":262,"column":0}},"262":{"start":{"line":263,"column":0},"end":{"line":263,"column":53}},"263":{"start":{"line":264,"column":0},"end":{"line":264,"column":43}},"264":{"start":{"line":265,"column":0},"end":{"line":265,"column":31}},"265":{"start":{"line":266,"column":0},"end":{"line":266,"column":3}},"266":{"start":{"line":267,"column":0},"end":{"line":267,"column":0}},"267":{"start":{"line":268,"column":0},"end":{"line":268,"column":73}},"268":{"start":{"line":269,"column":0},"end":{"line":269,"column":39}},"269":{"start":{"line":270,"column":0},"end":{"line":270,"column":50}},"270":{"start":{"line":271,"column":0},"end":{"line":271,"column":62}},"271":{"start":{"line":272,"column":0},"end":{"line":272,"column":0}},"272":{"start":{"line":273,"column":0},"end":{"line":273,"column":31}},"273":{"start":{"line":274,"column":0},"end":{"line":274,"column":53}},"274":{"start":{"line":275,"column":0},"end":{"line":275,"column":38}},"275":{"start":{"line":276,"column":0},"end":{"line":276,"column":55}},"276":{"start":{"line":277,"column":0},"end":{"line":277,"column":27}},"277":{"start":{"line":278,"column":0},"end":{"line":278,"column":7}},"278":{"start":{"line":279,"column":0},"end":{"line":279,"column":5}},"279":{"start":{"line":280,"column":0},"end":{"line":280,"column":0}},"280":{"start":{"line":281,"column":0},"end":{"line":281,"column":48}},"281":{"start":{"line":282,"column":0},"end":{"line":282,"column":0}},"282":{"start":{"line":283,"column":0},"end":{"line":283,"column":57}},"283":{"start":{"line":284,"column":0},"end":{"line":284,"column":66}},"284":{"start":{"line":285,"column":0},"end":{"line":285,"column":27}},"285":{"start":{"line":286,"column":0},"end":{"line":286,"column":38}},"286":{"start":{"line":287,"column":0},"end":{"line":287,"column":38}},"287":{"start":{"line":288,"column":0},"end":{"line":288,"column":6}},"288":{"start":{"line":289,"column":0},"end":{"line":289,"column":0}},"289":{"start":{"line":290,"column":0},"end":{"line":290,"column":39}},"290":{"start":{"line":291,"column":0},"end":{"line":291,"column":3}},"291":{"start":{"line":292,"column":0},"end":{"line":292,"column":0}},"292":{"start":{"line":293,"column":0},"end":{"line":293,"column":53}},"293":{"start":{"line":294,"column":0},"end":{"line":294,"column":32}},"294":{"start":{"line":295,"column":0},"end":{"line":295,"column":25}},"295":{"start":{"line":296,"column":0},"end":{"line":296,"column":0}},"296":{"start":{"line":297,"column":0},"end":{"line":297,"column":34}},"297":{"start":{"line":298,"column":0},"end":{"line":298,"column":28}},"298":{"start":{"line":299,"column":0},"end":{"line":299,"column":53}},"299":{"start":{"line":300,"column":0},"end":{"line":300,"column":0}},"300":{"start":{"line":301,"column":0},"end":{"line":301,"column":43}},"301":{"start":{"line":302,"column":0},"end":{"line":302,"column":50}},"302":{"start":{"line":303,"column":0},"end":{"line":303,"column":46}},"303":{"start":{"line":304,"column":0},"end":{"line":304,"column":62}},"304":{"start":{"line":305,"column":0},"end":{"line":305,"column":67}},"305":{"start":{"line":306,"column":0},"end":{"line":306,"column":31}},"306":{"start":{"line":307,"column":0},"end":{"line":307,"column":29}},"307":{"start":{"line":308,"column":0},"end":{"line":308,"column":25}},"308":{"start":{"line":309,"column":0},"end":{"line":309,"column":16}},"309":{"start":{"line":310,"column":0},"end":{"line":310,"column":9}},"310":{"start":{"line":311,"column":0},"end":{"line":311,"column":7}},"311":{"start":{"line":312,"column":0},"end":{"line":312,"column":0}},"312":{"start":{"line":313,"column":0},"end":{"line":313,"column":32}},"313":{"start":{"line":314,"column":0},"end":{"line":314,"column":24}},"314":{"start":{"line":315,"column":0},"end":{"line":315,"column":52}},"315":{"start":{"line":316,"column":0},"end":{"line":316,"column":14}},"316":{"start":{"line":317,"column":0},"end":{"line":317,"column":7}},"317":{"start":{"line":318,"column":0},"end":{"line":318,"column":0}},"318":{"start":{"line":319,"column":0},"end":{"line":319,"column":29}},"319":{"start":{"line":320,"column":0},"end":{"line":320,"column":59}},"320":{"start":{"line":321,"column":0},"end":{"line":321,"column":5}},"321":{"start":{"line":322,"column":0},"end":{"line":322,"column":0}},"322":{"start":{"line":323,"column":0},"end":{"line":323,"column":18}},"323":{"start":{"line":324,"column":0},"end":{"line":324,"column":3}},"324":{"start":{"line":325,"column":0},"end":{"line":325,"column":0}},"325":{"start":{"line":326,"column":0},"end":{"line":326,"column":56}},"326":{"start":{"line":327,"column":0},"end":{"line":327,"column":9}},"327":{"start":{"line":328,"column":0},"end":{"line":328,"column":50}},"328":{"start":{"line":329,"column":0},"end":{"line":329,"column":72}},"329":{"start":{"line":330,"column":0},"end":{"line":330,"column":46}},"330":{"start":{"line":331,"column":0},"end":{"line":331,"column":75}},"331":{"start":{"line":332,"column":0},"end":{"line":332,"column":19}},"332":{"start":{"line":333,"column":0},"end":{"line":333,"column":13}},"333":{"start":{"line":334,"column":0},"end":{"line":334,"column":34}},"334":{"start":{"line":335,"column":0},"end":{"line":335,"column":46}},"335":{"start":{"line":336,"column":0},"end":{"line":336,"column":28}},"336":{"start":{"line":337,"column":0},"end":{"line":337,"column":30}},"337":{"start":{"line":338,"column":0},"end":{"line":338,"column":30}},"338":{"start":{"line":339,"column":0},"end":{"line":339,"column":30}},"339":{"start":{"line":340,"column":0},"end":{"line":340,"column":31}},"340":{"start":{"line":341,"column":0},"end":{"line":341,"column":19}},"341":{"start":{"line":342,"column":0},"end":{"line":342,"column":5}},"342":{"start":{"line":343,"column":0},"end":{"line":343,"column":3}},"343":{"start":{"line":344,"column":0},"end":{"line":344,"column":1}}},"s":{"0":1,"1":1,"2":1,"3":1,"4":1,"5":1,"6":1,"7":1,"8":1,"9":1,"10":1,"11":1,"12":1,"13":1,"14":1,"15":1,"16":1,"17":1,"18":1,"19":1,"20":1,"21":1,"22":1,"23":1,"24":1,"25":1,"26":1,"27":1,"28":1,"29":1,"30":1,"31":1,"32":1,"33":1,"34":1,"35":1,"36":1,"37":1,"38":1,"39":1,"40":1,"41":1,"42":1,"43":1,"44":1,"45":1,"46":1,"47":1,"48":1,"49":1,"50":1,"51":1,"52":1,"53":19,"54":19,"55":19,"56":19,"57":19,"58":19,"59":19,"60":19,"61":19,"62":19,"63":19,"64":19,"65":19,"66":19,"67":19,"68":19,"69":19,"70":19,"71":19,"72":19,"73":19,"74":19,"75":1,"76":1,"77":1,"78":19,"79":19,"80":19,"81":19,"82":1,"83":1,"84":1,"85":19,"86":19,"87":19,"88":19,"89":19,"90":19,"91":19,"92":19,"93":19,"94":19,"95":19,"96":19,"97":19,"98":19,"99":0,"100":0,"101":19,"102":19,"103":19,"104":19,"105":19,"106":19,"107":19,"108":19,"109":56,"110":0,"111":0,"112":56,"113":56,"114":56,"115":56,"116":2,"117":2,"118":54,"119":54,"120":54,"121":54,"122":54,"123":54,"124":54,"125":54,"126":54,"127":54,"128":54,"129":54,"130":54,"131":54,"132":54,"133":54,"134":54,"135":54,"136":54,"137":54,"138":54,"139":54,"140":54,"141":54,"142":54,"143":54,"144":56,"145":0,"146":0,"147":56,"148":19,"149":19,"150":19,"151":19,"152":19,"153":19,"154":19,"155":0,"156":0,"157":0,"158":0,"159":0,"160":0,"161":0,"162":0,"163":0,"164":0,"165":0,"166":0,"167":0,"168":0,"169":0,"170":0,"171":0,"172":0,"173":0,"174":0,"175":0,"176":0,"177":0,"178":0,"179":0,"180":19,"181":19,"182":19,"183":0,"184":0,"185":0,"186":0,"187":0,"188":0,"189":19,"190":19,"191":19,"192":19,"193":54,"194":54,"195":54,"196":54,"197":54,"198":54,"199":13824,"200":275,"201":275,"202":275,"203":105600,"204":105600,"205":275,"206":13824,"207":54,"208":54,"209":54,"210":20736,"211":20736,"212":54,"213":54,"214":54,"215":54,"216":19,"217":19,"218":54,"219":54,"220":20736,"221":20736,"222":54,"223":54,"224":54,"225":20736,"226":20736,"227":54,"228":54,"229":19,"230":19,"231":1,"232":1,"233":0,"234":0,"235":1,"236":1,"237":1,"238":19,"239":19,"240":1,"241":1,"242":0,"243":0,"244":1,"245":1,"246":1,"247":19,"248":1,"249":1,"250":1,"251":1,"252":1,"253":1,"254":1,"255":1,"256":1,"257":1,"258":19,"259":19,"260":19,"261":19,"262":19,"263":19,"264":19,"265":19,"266":19,"267":19,"268":54,"269":54,"270":54,"271":54,"272":54,"273":149,"274":149,"275":167,"276":167,"277":167,"278":149,"279":54,"280":54,"281":54,"282":54,"283":54,"284":54,"285":54,"286":54,"287":54,"288":54,"289":54,"290":54,"291":19,"292":19,"293":149,"294":149,"295":149,"296":149,"297":167,"298":167,"299":167,"300":167,"301":167,"302":244,"303":244,"304":244,"305":244,"306":167,"307":167,"308":167,"309":167,"310":244,"311":167,"312":167,"313":0,"314":0,"315":0,"316":0,"317":167,"318":167,"319":167,"320":167,"321":149,"322":149,"323":149,"324":19,"325":19,"326":19,"327":19,"328":19,"329":19,"330":19,"331":19,"332":19,"333":0,"334":0,"335":0,"336":0,"337":0,"338":0,"339":0,"340":0,"341":0,"342":19,"343":19},"branchMap":{"0":{"type":"branch","line":53,"loc":{"start":{"line":53,"column":7},"end":{"line":248,"column":1}},"locations":[{"start":{"line":53,"column":7},"end":{"line":248,"column":1}}]},"1":{"type":"branch","line":59,"loc":{"start":{"line":59,"column":2},"end":{"line":66,"column":3}},"locations":[{"start":{"line":59,"column":2},"end":{"line":66,"column":3}}]},"2":{"type":"branch","line":60,"loc":{"start":{"line":60,"column":28},"end":{"line":60,"column":79}},"locations":[{"start":{"line":60,"column":28},"end":{"line":60,"column":79}}]},"3":{"type":"branch","line":69,"loc":{"start":{"line":69,"column":2},"end":{"line":102,"column":3}},"locations":[{"start":{"line":69,"column":2},"end":{"line":102,"column":3}}]},"4":{"type":"branch","line":75,"loc":{"start":{"line":75,"column":46},"end":{"line":78,"column":7}},"locations":[{"start":{"line":75,"column":46},"end":{"line":78,"column":7}}]},"5":{"type":"branch","line":82,"loc":{"start":{"line":82,"column":34},"end":{"line":85,"column":7}},"locations":[{"start":{"line":82,"column":34},"end":{"line":85,"column":7}}]},"6":{"type":"branch","line":99,"loc":{"start":{"line":99,"column":4},"end":{"line":101,"column":5}},"locations":[{"start":{"line":99,"column":4},"end":{"line":101,"column":5}}]},"7":{"type":"branch","line":109,"loc":{"start":{"line":109,"column":2},"end":{"line":148,"column":3}},"locations":[{"start":{"line":109,"column":2},"end":{"line":148,"column":3}}]},"8":{"type":"branch","line":110,"loc":{"start":{"line":110,"column":63},"end":{"line":112,"column":5}},"locations":[{"start":{"line":110,"column":63},"end":{"line":112,"column":5}}]},"9":{"type":"branch","line":116,"loc":{"start":{"line":116,"column":20},"end":{"line":118,"column":7}},"locations":[{"start":{"line":116,"column":20},"end":{"line":118,"column":7}}]},"10":{"type":"branch","line":118,"loc":{"start":{"line":118,"column":6},"end":{"line":145,"column":13}},"locations":[{"start":{"line":118,"column":6},"end":{"line":145,"column":13}}]},"11":{"type":"branch","line":145,"loc":{"start":{"line":145,"column":4},"end":{"line":147,"column":5}},"locations":[{"start":{"line":145,"column":4},"end":{"line":147,"column":5}}]},"12":{"type":"branch","line":193,"loc":{"start":{"line":193,"column":10},"end":{"line":216,"column":3}},"locations":[{"start":{"line":193,"column":10},"end":{"line":216,"column":3}}]},"13":{"type":"branch","line":199,"loc":{"start":{"line":199,"column":40},"end":{"line":207,"column":5}},"locations":[{"start":{"line":199,"column":40},"end":{"line":207,"column":5}}]},"14":{"type":"branch","line":200,"loc":{"start":{"line":200,"column":34},"end":{"line":206,"column":7}},"locations":[{"start":{"line":200,"column":34},"end":{"line":206,"column":7}}]},"15":{"type":"branch","line":203,"loc":{"start":{"line":203,"column":45},"end":{"line":205,"column":9}},"locations":[{"start":{"line":203,"column":45},"end":{"line":205,"column":9}}]},"16":{"type":"branch","line":210,"loc":{"start":{"line":210,"column":43},"end":{"line":212,"column":7}},"locations":[{"start":{"line":210,"column":43},"end":{"line":212,"column":7}}]},"17":{"type":"branch","line":218,"loc":{"start":{"line":218,"column":10},"end":{"line":229,"column":3}},"locations":[{"start":{"line":218,"column":10},"end":{"line":229,"column":3}}]},"18":{"type":"branch","line":220,"loc":{"start":{"line":220,"column":44},"end":{"line":222,"column":5}},"locations":[{"start":{"line":220,"column":44},"end":{"line":222,"column":5}}]},"19":{"type":"branch","line":225,"loc":{"start":{"line":225,"column":46},"end":{"line":227,"column":7}},"locations":[{"start":{"line":225,"column":46},"end":{"line":227,"column":7}}]},"20":{"type":"branch","line":231,"loc":{"start":{"line":231,"column":2},"end":{"line":238,"column":3}},"locations":[{"start":{"line":231,"column":2},"end":{"line":238,"column":3}}]},"21":{"type":"branch","line":233,"loc":{"start":{"line":233,"column":22},"end":{"line":235,"column":5}},"locations":[{"start":{"line":233,"column":22},"end":{"line":235,"column":5}}]},"22":{"type":"branch","line":240,"loc":{"start":{"line":240,"column":2},"end":{"line":247,"column":3}},"locations":[{"start":{"line":240,"column":2},"end":{"line":247,"column":3}}]},"23":{"type":"branch","line":242,"loc":{"start":{"line":242,"column":22},"end":{"line":244,"column":5}},"locations":[{"start":{"line":242,"column":22},"end":{"line":244,"column":5}}]},"24":{"type":"branch","line":259,"loc":{"start":{"line":259,"column":0},"end":{"line":344,"column":1}},"locations":[{"start":{"line":259,"column":0},"end":{"line":344,"column":1}}]},"25":{"type":"branch","line":263,"loc":{"start":{"line":263,"column":2},"end":{"line":266,"column":3}},"locations":[{"start":{"line":263,"column":2},"end":{"line":266,"column":3}}]},"26":{"type":"branch","line":268,"loc":{"start":{"line":268,"column":2},"end":{"line":291,"column":3}},"locations":[{"start":{"line":268,"column":2},"end":{"line":291,"column":3}}]},"27":{"type":"branch","line":271,"loc":{"start":{"line":271,"column":52},"end":{"line":271,"column":60}},"locations":[{"start":{"line":271,"column":52},"end":{"line":271,"column":60}}]},"28":{"type":"branch","line":273,"loc":{"start":{"line":273,"column":30},"end":{"line":279,"column":5}},"locations":[{"start":{"line":273,"column":30},"end":{"line":279,"column":5}}]},"29":{"type":"branch","line":275,"loc":{"start":{"line":275,"column":37},"end":{"line":278,"column":7}},"locations":[{"start":{"line":275,"column":37},"end":{"line":278,"column":7}}]},"30":{"type":"branch","line":276,"loc":{"start":{"line":276,"column":49},"end":{"line":276,"column":55}},"locations":[{"start":{"line":276,"column":49},"end":{"line":276,"column":55}}]},"31":{"type":"branch","line":281,"loc":{"start":{"line":281,"column":38},"end":{"line":281,"column":46}},"locations":[{"start":{"line":281,"column":38},"end":{"line":281,"column":46}}]},"32":{"type":"branch","line":293,"loc":{"start":{"line":293,"column":10},"end":{"line":324,"column":3}},"locations":[{"start":{"line":293,"column":10},"end":{"line":324,"column":3}}]},"33":{"type":"branch","line":297,"loc":{"start":{"line":297,"column":33},"end":{"line":321,"column":5}},"locations":[{"start":{"line":297,"column":33},"end":{"line":321,"column":5}}]},"34":{"type":"branch","line":299,"loc":{"start":{"line":299,"column":44},"end":{"line":299,"column":53}},"locations":[{"start":{"line":299,"column":44},"end":{"line":299,"column":53}}]},"35":{"type":"branch","line":302,"loc":{"start":{"line":302,"column":49},"end":{"line":311,"column":7}},"locations":[{"start":{"line":302,"column":49},"end":{"line":311,"column":7}}]},"36":{"type":"branch","line":304,"loc":{"start":{"line":304,"column":41},"end":{"line":304,"column":58}},"locations":[{"start":{"line":304,"column":41},"end":{"line":304,"column":58}}]},"37":{"type":"branch","line":304,"loc":{"start":{"line":304,"column":53},"end":{"line":304,"column":62}},"locations":[{"start":{"line":304,"column":53},"end":{"line":304,"column":62}}]},"38":{"type":"branch","line":305,"loc":{"start":{"line":305,"column":42},"end":{"line":305,"column":67}},"locations":[{"start":{"line":305,"column":42},"end":{"line":305,"column":67}}]},"39":{"type":"branch","line":306,"loc":{"start":{"line":306,"column":30},"end":{"line":310,"column":9}},"locations":[{"start":{"line":306,"column":30},"end":{"line":310,"column":9}}]},"40":{"type":"branch","line":313,"loc":{"start":{"line":313,"column":31},"end":{"line":317,"column":7}},"locations":[{"start":{"line":313,"column":31},"end":{"line":317,"column":7}}]},"41":{"type":"branch","line":326,"loc":{"start":{"line":326,"column":10},"end":{"line":343,"column":3}},"locations":[{"start":{"line":326,"column":10},"end":{"line":343,"column":3}}]},"42":{"type":"branch","line":333,"loc":{"start":{"line":333,"column":4},"end":{"line":342,"column":5}},"locations":[{"start":{"line":333,"column":4},"end":{"line":342,"column":5}}]},"43":{"type":"branch","line":329,"loc":{"start":{"line":329,"column":47},"end":{"line":329,"column":70}},"locations":[{"start":{"line":329,"column":47},"end":{"line":329,"column":70}}]},"44":{"type":"branch","line":331,"loc":{"start":{"line":331,"column":20},"end":{"line":331,"column":73}},"locations":[{"start":{"line":331,"column":20},"end":{"line":331,"column":73}}]}},"b":{"0":[19],"1":[19],"2":[18],"3":[19],"4":[1],"5":[1],"6":[0],"7":[56],"8":[0],"9":[2],"10":[54],"11":[0],"12":[54],"13":[13824],"14":[275],"15":[105600],"16":[20736],"17":[54],"18":[20736],"19":[20736],"20":[1],"21":[0],"22":[1],"23":[0],"24":[19],"25":[19],"26":[54],"27":[0],"28":[149],"29":[167],"30":[0],"31":[0],"32":[149],"33":[167],"34":[0],"35":[244],"36":[58],"37":[186],"38":[78],"39":[167],"40":[0],"41":[19],"42":[0],"43":[579937],"44":[579918]},"fnMap":{"0":{"name":"<instance_members_initializer>","decl":{"start":{"line":53,"column":7},"end":{"line":248,"column":1}},"loc":{"start":{"line":53,"column":7},"end":{"line":248,"column":1}},"line":53},"1":{"name":"EmbeddingEngine","decl":{"start":{"line":59,"column":2},"end":{"line":66,"column":3}},"loc":{"start":{"line":59,"column":2},"end":{"line":66,"column":3}},"line":59},"2":{"name":"init","decl":{"start":{"line":69,"column":2},"end":{"line":102,"column":3}},"loc":{"start":{"line":69,"column":2},"end":{"line":102,"column":3}},"line":69},"3":{"name":"embed","decl":{"start":{"line":109,"column":2},"end":{"line":148,"column":3}},"loc":{"start":{"line":109,"column":2},"end":{"line":148,"column":3}},"line":109},"4":{"name":"embedBatch","decl":{"start":{"line":155,"column":2},"end":{"line":180,"column":3}},"loc":{"start":{"line":155,"column":2},"end":{"line":180,"column":3}},"line":155},"5":{"name":"getInfo","decl":{"start":{"line":183,"column":2},"end":{"line":189,"column":3}},"loc":{"start":{"line":183,"column":2},"end":{"line":189,"column":3}},"line":183},"6":{"name":"meanPool","decl":{"start":{"line":193,"column":10},"end":{"line":216,"column":3}},"loc":{"start":{"line":193,"column":10},"end":{"line":216,"column":3}},"line":193},"7":{"name":"normalize","decl":{"start":{"line":218,"column":10},"end":{"line":229,"column":3}},"loc":{"start":{"line":218,"column":10},"end":{"line":229,"column":3}},"line":218},"8":{"name":"downloadModel","decl":{"start":{"line":231,"column":2},"end":{"line":238,"column":3}},"loc":{"start":{"line":231,"column":2},"end":{"line":238,"column":3}},"line":231},"9":{"name":"downloadVocab","decl":{"start":{"line":240,"column":2},"end":{"line":247,"column":3}},"loc":{"start":{"line":240,"column":2},"end":{"line":247,"column":3}},"line":240},"10":{"name":"<instance_members_initializer>","decl":{"start":{"line":259,"column":0},"end":{"line":344,"column":1}},"loc":{"start":{"line":259,"column":0},"end":{"line":344,"column":1}},"line":259},"11":{"name":"SimpleTokenizer","decl":{"start":{"line":263,"column":2},"end":{"line":266,"column":3}},"loc":{"start":{"line":263,"column":2},"end":{"line":266,"column":3}},"line":263},"12":{"name":"encode","decl":{"start":{"line":268,"column":2},"end":{"line":291,"column":3}},"loc":{"start":{"line":268,"column":2},"end":{"line":291,"column":3}},"line":268},"13":{"name":"wordPieceTokenize","decl":{"start":{"line":293,"column":10},"end":{"line":324,"column":3}},"loc":{"start":{"line":293,"column":10},"end":{"line":324,"column":3}},"line":293},"14":{"name":"loadVocab","decl":{"start":{"line":326,"column":10},"end":{"line":343,"column":3}},"loc":{"start":{"line":326,"column":10},"end":{"line":343,"column":3}},"line":326}},"f":{"0":19,"1":19,"2":19,"3":56,"4":0,"5":0,"6":54,"7":54,"8":1,"9":1,"10":19,"11":19,"12":54,"13":149,"14":19}}
,"/Users/federicocesconi/Dev/omnimind/src/core/MemoryStore.ts": {"path":"/Users/federicocesconi/Dev/omnimind/src/core/MemoryStore.ts","all":false,"statementMap":{"0":{"start":{"line":1,"column":0},"end":{"line":1,"column":3}},"1":{"start":{"line":2,"column":0},"end":{"line":2,"column":43}},"2":{"start":{"line":3,"column":0},"end":{"line":3,"column":3}},"3":{"start":{"line":4,"column":0},"end":{"line":4,"column":71}},"4":{"start":{"line":5,"column":0},"end":{"line":5,"column":66}},"5":{"start":{"line":6,"column":0},"end":{"line":6,"column":27}},"6":{"start":{"line":7,"column":0},"end":{"line":7,"column":3}},"7":{"start":{"line":8,"column":0},"end":{"line":8,"column":40}},"8":{"start":{"line":9,"column":0},"end":{"line":9,"column":3}},"9":{"start":{"line":10,"column":0},"end":{"line":10,"column":0}},"10":{"start":{"line":11,"column":0},"end":{"line":11,"column":38}},"11":{"start":{"line":12,"column":0},"end":{"line":12,"column":36}},"12":{"start":{"line":13,"column":0},"end":{"line":13,"column":36}},"13":{"start":{"line":14,"column":0},"end":{"line":14,"column":8}},"14":{"start":{"line":15,"column":0},"end":{"line":15,"column":14}},"15":{"start":{"line":16,"column":0},"end":{"line":16,"column":18}},"16":{"start":{"line":17,"column":0},"end":{"line":17,"column":21}},"17":{"start":{"line":18,"column":0},"end":{"line":18,"column":20}},"18":{"start":{"line":19,"column":0},"end":{"line":19,"column":21}},"19":{"start":{"line":20,"column":0},"end":{"line":20,"column":18}},"20":{"start":{"line":21,"column":0},"end":{"line":21,"column":14}},"21":{"start":{"line":22,"column":0},"end":{"line":22,"column":14}},"22":{"start":{"line":23,"column":0},"end":{"line":23,"column":22}},"23":{"start":{"line":24,"column":0},"end":{"line":24,"column":5}},"24":{"start":{"line":25,"column":0},"end":{"line":25,"column":6}},"25":{"start":{"line":26,"column":0},"end":{"line":26,"column":20}},"26":{"start":{"line":27,"column":0},"end":{"line":27,"column":55}},"27":{"start":{"line":28,"column":0},"end":{"line":28,"column":49}},"28":{"start":{"line":29,"column":0},"end":{"line":29,"column":49}},"29":{"start":{"line":30,"column":0},"end":{"line":30,"column":0}},"30":{"start":{"line":31,"column":0},"end":{"line":31,"column":34}},"31":{"start":{"line":32,"column":0},"end":{"line":32,"column":18}},"32":{"start":{"line":33,"column":0},"end":{"line":33,"column":22}},"33":{"start":{"line":34,"column":0},"end":{"line":34,"column":37}},"34":{"start":{"line":35,"column":0},"end":{"line":35,"column":35}},"35":{"start":{"line":36,"column":0},"end":{"line":36,"column":32}},"36":{"start":{"line":37,"column":0},"end":{"line":37,"column":39}},"37":{"start":{"line":38,"column":0},"end":{"line":38,"column":72}},"38":{"start":{"line":39,"column":0},"end":{"line":39,"column":45}},"39":{"start":{"line":40,"column":0},"end":{"line":40,"column":50}},"40":{"start":{"line":41,"column":0},"end":{"line":41,"column":50}},"41":{"start":{"line":42,"column":0},"end":{"line":42,"column":50}},"42":{"start":{"line":43,"column":0},"end":{"line":43,"column":23}},"43":{"start":{"line":44,"column":0},"end":{"line":44,"column":44}},"44":{"start":{"line":45,"column":0},"end":{"line":45,"column":35}},"45":{"start":{"line":46,"column":0},"end":{"line":46,"column":26}},"46":{"start":{"line":47,"column":0},"end":{"line":47,"column":45}},"47":{"start":{"line":48,"column":0},"end":{"line":48,"column":26}},"48":{"start":{"line":49,"column":0},"end":{"line":49,"column":26}},"49":{"start":{"line":50,"column":0},"end":{"line":50,"column":45}},"50":{"start":{"line":51,"column":0},"end":{"line":51,"column":23}},"51":{"start":{"line":52,"column":0},"end":{"line":52,"column":36}},"52":{"start":{"line":53,"column":0},"end":{"line":53,"column":2}},"53":{"start":{"line":54,"column":0},"end":{"line":54,"column":0}},"54":{"start":{"line":55,"column":0},"end":{"line":55,"column":35}},"55":{"start":{"line":56,"column":0},"end":{"line":56,"column":37}},"56":{"start":{"line":57,"column":0},"end":{"line":57,"column":35}},"57":{"start":{"line":58,"column":0},"end":{"line":58,"column":32}},"58":{"start":{"line":59,"column":0},"end":{"line":59,"column":50}},"59":
[...]
:231,"column":32}},"231":{"start":{"line":232,"column":0},"end":{"line":232,"column":5}},"232":{"start":{"line":233,"column":0},"end":{"line":233,"column":32}},"233":{"start":{"line":234,"column":0},"end":{"line":234,"column":23}},"234":{"start":{"line":235,"column":0},"end":{"line":235,"column":37}},"235":{"start":{"line":236,"column":0},"end":{"line":236,"column":24}},"236":{"start":{"line":237,"column":0},"end":{"line":237,"column":27}},"237":{"start":{"line":238,"column":0},"end":{"line":238,"column":73}},"238":{"start":{"line":239,"column":0},"end":{"line":239,"column":0}},"239":{"start":{"line":240,"column":0},"end":{"line":240,"column":18}},"240":{"start":{"line":241,"column":0},"end":{"line":241,"column":54}},"241":{"start":{"line":242,"column":0},"end":{"line":242,"column":0}},"242":{"start":{"line":243,"column":0},"end":{"line":243,"column":46}},"243":{"start":{"line":244,"column":0},"end":{"line":244,"column":42}},"244":{"start":{"line":245,"column":0},"end":{"line":245,"column":50}},"245":{"start":{"line":246,"column":0},"end":{"line":246,"column":39}},"246":{"start":{"line":247,"column":0},"end":{"line":247,"column":33}},"247":{"start":{"line":248,"column":0},"end":{"line":248,"column":63}},"248":{"start":{"line":249,"column":0},"end":{"line":249,"column":90}},"249":{"start":{"line":250,"column":0},"end":{"line":250,"column":26}},"250":{"start":{"line":251,"column":0},"end":{"line":251,"column":9}},"251":{"start":{"line":252,"column":0},"end":{"line":252,"column":7}},"252":{"start":{"line":253,"column":0},"end":{"line":253,"column":5}},"253":{"start":{"line":254,"column":0},"end":{"line":254,"column":0}},"254":{"start":{"line":255,"column":0},"end":{"line":255,"column":42}},"255":{"start":{"line":256,"column":0},"end":{"line":256,"column":44}},"256":{"start":{"line":257,"column":0},"end":{"line":257,"column":55}},"257":{"start":{"line":258,"column":0},"end":{"line":258,"column":31}},"258":{"start":{"line":259,"column":0},"end":{"line":259,"column":47}},"259":{"start":{"line":260,"column":0},"end":{"line":260,"column":58}},"260":{"start":{"line":261,"column":0},"end":{"line":261,"column":35}},"261":{"start":{"line":262,"column":0},"end":{"line":262,"column":7}},"262":{"start":{"line":263,"column":0},"end":{"line":263,"column":5}},"263":{"start":{"line":264,"column":0},"end":{"line":264,"column":0}},"264":{"start":{"line":265,"column":0},"end":{"line":265,"column":47}},"265":{"start":{"line":266,"column":0},"end":{"line":266,"column":87}},"266":{"start":{"line":267,"column":0},"end":{"line":267,"column":6}},"267":{"start":{"line":268,"column":0},"end":{"line":268,"column":3}},"268":{"start":{"line":269,"column":0},"end":{"line":269,"column":0}},"269":{"start":{"line":270,"column":0},"end":{"line":270,"column":5}},"270":{"start":{"line":271,"column":0},"end":{"line":271,"column":44}},"271":{"start":{"line":272,"column":0},"end":{"line":272,"column":5}},"272":{"start":{"line":273,"column":0},"end":{"line":273,"column":63}},"273":{"start":{"line":274,"column":0},"end":{"line":274,"column":5}},"274":{"start":{"line":275,"column":0},"end":{"line":275,"column":63}},"275":{"start":{"line":276,"column":0},"end":{"line":276,"column":27}},"276":{"start":{"line":277,"column":0},"end":{"line":277,"column":73}},"277":{"start":{"line":278,"column":0},"end":{"line":278,"column":0}},"278":{"start":{"line":279,"column":0},"end":{"line":279,"column":34}},"279":{"start":{"line":280,"column":0},"end":{"line":280,"column":60}},"280":{"start":{"line":281,"column":0},"end":{"line":281,"column":0}},"281":{"start":{"line":282,"column":0},"end":{"line":282,"column":32}},"282":{"start":{"line":283,"column":0},"end":{"line":283,"column":77}},"283":{"start":{"line":284,"column":0},"end":{"line":284,"column":39}},"284":{"start":{"line":285,"column":0},"end":{"line":285,"column":0}},"285":{"start":{"line":286,"column":0},"end":{"line":286,"column":30}},"286":{"start":{"line":287,"column":0},"end":{"line":287,"column":50}},"287":{"start":{"line":288,"column":0},"end":{"line":288,"column":0}},"288":{"start":{"line":289,"column":0},"end":{"line":289,"column":64}},"289":{"start":{"line":290,"column":0},"end":{"line":290,"column":3}},"290":{"start":{"line":291,"column":0},"end":{"line":291,"column":0}},"291":{"start":{"line":292,"column":0},"end":{"line":292,"column":53}},"292":{"start":{"line":293,"column":0},"end":{"line":293,"column":90}},"293":{"start":{"line":294,"column":0},"end":{"line":294,"column":31}},"294":{"start":{"line":295,"column":0},"end":{"line":295,"column":0}},"295":{"start":{"line":296,"column":0},"end":{"line":296,"column":33}},"296":{"start":{"line":297,"column":0},"end":{"line":297,"column":56}},"297":{"start":{"line":298,"column":0},"end":{"line":298,"column":12}},"298":{"start":{"line":299,"column":0},"end":{"line":299,"column":90}},"299":{"start":{"line":300,"column":0},"end":{"line":300,"column":5}},"300":{"start":{"line":301,"column":0},"end":{"line":301,"column":0}},"301":{"start":{"line":302,"column":0},"end":{"line":302,"column":45}},"302":{"start":{"line":303,"column":0},"end":{"line":303,"column":53}},"303":{"start":{"line":304,"column":0},"end":{"line":304,"column":5}},"304":{"start":{"line":305,"column":0},"end":{"line":305,"column":0}},"305":{"start":{"line":306,"column":0},"end":{"line":306,"column":27}},"306":{"start":{"line":307,"column":0},"end":{"line":307,"column":3}},"307":{"start":{"line":308,"column":0},"end":{"line":308,"column":1}},"308":{"start":{"line":309,"column":0},"end":{"line":309,"column":0}},"309":{"start":{"line":310,"column":0},"end":{"line":310,"column":3}},"310":{"start":{"line":311,"column":0},"end":{"line":311,"column":56}},"311":{"start":{"line":312,"column":0},"end":{"line":312,"column":3}},"312":{"start":{"line":313,"column":0},"end":{"line":313,"column":67}},"313":{"start":{"line":314,"column":0},"end":{"line":314,"column":37}},"314":{"start":{"line":315,"column":0},"end":{"line":315,"column":3}},"315":{"start":{"line":316,"column":0},"end":{"line":316,"column":42}},"316":{"start":{"line":317,"column":0},"end":{"line":317,"column":22}},"317":{"start":{"line":318,"column":0},"end":{"line":318,"column":20}},"318":{"start":{"line":319,"column":0},"end":{"line":319,"column":22}},"319":{"start":{"line":320,"column":0},"end":{"line":320,"column":24}},"320":{"start":{"line":321,"column":0},"end":{"line":321,"column":24}},"321":{"start":{"line":322,"column":0},"end":{"line":322,"column":24}},"322":{"start":{"line":323,"column":0},"end":{"line":323,"column":24}},"323":{"start":{"line":324,"column":0},"end":{"line":324,"column":56}},"324":{"start":{"line":325,"column":0},"end":{"line":325,"column":25}},"325":{"start":{"line":326,"column":0},"end":{"line":326,"column":0}},"326":{"start":{"line":327,"column":0},"end":{"line":327,"column":10}},"327":{"start":{"line":328,"column":0},"end":{"line":328,"column":95}},"328":{"start":{"line":329,"column":0},"end":{"line":329,"column":92}},"329":{"start":{"line":330,"column":0},"end":{"line":330,"column":23}},"330":{"start":{"line":331,"column":0},"end":{"line":331,"column":30}},"331":{"start":{"line":332,"column":0},"end":{"line":332,"column":28}},"332":{"start":{"line":333,"column":0},"end":{"line":333,"column":36}},"333":{"start":{"line":334,"column":0},"end":{"line":334,"column":36}},"334":{"start":{"line":335,"column":0},"end":{"line":335,"column":36}},"335":{"start":{"line":336,"column":0},"end":{"line":336,"column":4}},"336":{"start":{"line":337,"column":0},"end":{"line":337,"column":1}}},"s":{"0":1,"1":1,"2":1,"3":1,"4":1,"5":1,"6":1,"7":1,"8":1,"9":1,"10":1,"11":1,"12":1,"13":1,"14":1,"15":1,"16":1,"17":1,"18":1,"19":1,"20":1,"21":1,"22":1,"23":1,"24":1,"25":1,"26":1,"27":1,"28":1,"29":1,"30":1,"31":1,"32":1,"33":1,"34":1,"35":1,"36":1,"37":1,"38":1,"39":1,"40":1,"41":1,"42":1,"43":1,"44":1,"45":1,"46":1,"47":1,"48":1,"49":1,"50":1,"51":1,"52":1,"53":1,"54":1,"55":1,"56":1,"57":1,"58":1,"59":1,"60":1,"61":1,"62":1,"63":1,"64":1,"65":1,"66":1,"67":1,"68":1,"69":1,"70":12,"71":12,"72":12,"73":12,"74":12,"75":12,"76":12,"77":12,"78":12,"79":12,"80":12,"81":12,"82":12,"83":12,"84":12,"85":12,"86":12,"87":12,"88":11,"89":11,"90":11,"91":11,"92":11,"93":6,"94":6,"95":6,"96":6,"97":6,"98":6,"99":6,"100":6,"101":11,"102":5,"103":5,"104":5,"105":5,"106":5,"107":5,"108":5,"109":5,"110":5,"111":11,"112":11,"113":11,"114":12,"115":12,"116":12,"117":12,"118":12,"119":12,"120":12,"121":12,"122":12,"123":12,"124":12,"125":12,"126":3,"127":3,"128":3,"129":3,"130":3,"131":3,"132":3,"133":3,"134":3,"135":3,"136":3,"137":3,"138":2,"139":2,"140":1,"141":1,"142":1,"143":1,"144":1,"145":1,"146":1,"147":1,"148":1,"149":1,"150":1,"151":1,"152":1,"153":3,"154":0,"155":0,"156":1,"157":1,"158":3,"159":0,"160":0,"161":3,"162":12,"163":12,"164":12,"165":12,"166":12,"167":12,"168":12,"169":2,"170":2,"171":12,"172":12,"173":2,"174":2,"175":2,"176":2,"177":1,"178":1,"179":1,"180":1,"181":1,"182":1,"183":1,"184":1,"185":1,"186":1,"187":1,"188":1,"189":1,"190":1,"191":1,"192":2,"193":1,"194":1,"195":1,"196":2,"197":12,"198":12,"199":12,"200":1,"201":1,"202":1,"203":1,"204":1,"205":1,"206":1,"207":1,"208":1,"209":12,"210":12,"211":12,"212":12,"213":12,"214":12,"215":12,"216":12,"217":12,"218":12,"219":14,"220":14,"221":14,"222":14,"223":12,"224":12,"225":12,"226":12,"227":12,"228":12,"229":12,"230":12,"231":12,"232":12,"233":3,"234":3,"235":3,"236":3,"237":3,"238":3,"239":3,"240":3,"241":3,"242":3,"243":3,"244":3,"245":2,"246":0,"247":0,"248":0,"249":0,"250":0,"251":0,"252":0,"253":3,"254":3,"255":3,"256":3,"257":3,"258":4,"259":4,"260":4,"261":4,"262":4,"263":3,"264":3,"265":3,"266":3,"267":3,"268":12,"269":12,"270":12,"271":12,"272":12,"273":12,"274":12,"275":1,"276":1,"277":1,"278":1,"279":1,"280":1,"281":1,"282":1,"283":1,"284":1,"285":1,"286":1,"287":1,"288":1,"289":1,"290":12,"291":12,"292":12,"293":1,"294":1,"295":1,"296":1,"297":1,"298":0,"299":0,"300":1,"301":1,"302":1,"303":1,"304":1,"305":1,"306":1,"307":12,"308":1,"309":1,"310":1,"311":1,"312":1,"313":1,"314":1,"315":1,"316":8,"317":8,"318":8,"319":8,"320":8,"321":8,"322":8,"323":8,"324":8,"325":8,"326":8,"327":8,"328":8,"329":8,"330":8,"331":8,"332":8,"333":8,"334":8,"335":8,"336":8},"branchMap":{"0":{"type":"branch","line":70,"loc":{"start":{"line":70,"column":7},"end":{"line":308,"column":1}},"locations":[{"start":{"line":70,"column":7},"end":{"line":308,"column":1}}]},"1":{"type":"branch","line":74,"loc":{"start":{"line":74,"column":2},"end":{"line":81,"column":3}},"locations":[{"start":{"line":74,"column":2},"end":{"line":81,"column":3}}]},"2":{"type":"branch","line":76,"loc":{"start":{"line":76,"column":34},"end":{"line":76,"column":97}},"locations":[{"start":{"line":76,"column":34},"end":{"line":76,"column":97}}]},"3":{"type":"branch","line":77,"loc":{"start":{"line":77,"column":29},"end":{"line":77,"column":88}},"locations":[{"start":{"line":77,"column":29},"end":{"line":77,"column":88}}]},"4":{"type":"branch","line":88,"loc":{"start":{"line":88,"column":2},"end":{"line":114,"column":3}},"locations":[{"start":{"line":88,"column":2},"end":{"line":114,"column":3}}]},"5":{"type":"branch","line":90,"loc":{"start":{"line":90,"column":48},"end":{"line":90,"column":56}},"locations":[{"start":{"line":90,"column":48},"end":{"line":90,"column":56}}]},"6":{"type":"branch","line":93,"loc":{"start":{"line":93,"column":18},"end":{"line":102,"column":11}},"locations":[{"start":{"line":93,"column":18},"end":{"line":102,"column":11}}]},"7":{"type":"branch","line":102,"loc":{"start":{"line":102,"column":4},"end":{"line":111,"column":5}},"locations":[{"start":{"line":102,"column":4},"end":{"line":111,"column":5}}]},"8":{"type":"branch","line":92,"loc":{"start":{"line":92,"column":35},"end":{"line":92,"column":63}},"locations":[{"start":{"line":92,"column":35},"end":{"line":92,"column":63}}]},"9":{"type":"branch","line":126,"loc":{"start":{"line":126,"column":2},"end":{"line":162,"column":3}},"locations":[{"start":{"line":126,"column":2},"end":{"line":162,"column":3}}]},"10":{"type":"branch","line":138,"loc":{"start":{"line":138,"column":35},"end":{"line":140,"column":7}},"locations":[{"start":{"line":138,"column":35},"end":{"line":140,"column":7}}]},"11":{"type":"branch","line":140,"loc":{"start":{"line":140,"column":6},"end":{"line":154,"column":23}},"locations":[{"start":{"line":140,"column":6},"end":{"line":154,"column":23}}]},"12":{"type":"branch","line":154,"loc":{"start":{"line":154,"column":23},"end":{"line":156,"column":7}},"locations":[{"start":{"line":154,"column":23},"end":{"line":156,"column":7}}]},"13":{"type":"branch","line":156,"loc":{"start":{"line":156,"column":6},"end":{"line":159,"column":13}},"locations":[{"start":{"line":156,"column":6},"end":{"line":159,"column":13}}]},"14":{"type":"branch","line":159,"loc":{"start":{"line":159,"column":4},"end":{"line":161,"column":5}},"locations":[{"start":{"line":159,"column":4},"end":{"line":161,"column":5}}]},"15":{"type":"branch","line":144,"loc":{"start":{"line":144,"column":13},"end":{"line":148,"column":10}},"locations":[{"start":{"line":144,"column":13},"end":{"line":148,"column":10}}]},"16":{"type":"branch","line":149,"loc":{"start":{"line":149,"column":16},"end":{"line":149,"column":68}},"locations":[{"start":{"line":149,"column":16},"end":{"line":149,"column":68}}]},"17":{"type":"branch","line":169,"loc":{"start":{"line":169,"column":2},"end":{"line":171,"column":3}},"locations":[{"start":{"line":169,"column":2},"end":{"line":171,"column":3}}]},"18":{"type":"branch","line":173,"loc":{"start":{"line":173,"column":2},"end":{"line":197,"column":3}},"locations":[{"start":{"line":173,"column":2},"end":{"line":197,"column":3}}]},"19":{"type":"branch","line":177,"loc":{"start":{"line":177,"column":34},"end":{"line":193,"column":35}},"locations":[{"start":{"line":177,"column":34},"end":{"line":193,"column":35}}]},"20":{"type":"branch","line":183,"loc":{"start":{"line":183,"column":65},"end":{"line":183,"column":71}},"locations":[{"start":{"line":183,"column":65},"end":{"line":183,"column":71}}]},"21":{"type":"branch","line":186,"loc":{"start":{"line":186,"column":19},"end":{"line":186,"column":28}},"locations":[{"start":{"line":186,"column":19},"end":{"line":186,"column":28}}]},"22":{"type":"branch","line":193,"loc":{"start":{"line":193,"column":28},"end":{"line":193,"column":38}},"locations":[{"start":{"line":193,"column":28},"end":{"line":193,"column":38}}]},"23":{"type":"branch","line":193,"loc":{"start":{"line":193,"column":35},"end":{"line":196,"column":127}},"locations":[{"start":{"line":193,"column":35},"end":{"line":196,"column":127}}]},"24":{"type":"branch","line":195,"loc":{"start":{"line":195,"column":45},"end":{"line":195,"column":73}},"locations":[{"start":{"line":195,"column":45},"end":{"line":195,"column":73}}]},"25":{"type":"branch","line":200,"loc":{"start":{"line":200,"column":2},"end":{"line":209,"column":3}},"locations":[{"start":{"line":200,"column":2},"end":{"line":209,"column":3}}]},"26":{"type":"branch","line":219,"loc":{"start":{"line":219,"column":10},"end":{"line":223,"column":3}},"locations":[{"start":{"line":219,"column":10},"end":{"line":223,"column":3}}]},"27":{"type":"branch","line":233,"loc":{"start":{"line":233,"column":10},"end":{"line":268,"column":3}},"locations":[{"start":{"line":233,"column":10},"end":{"line":268,"column":3}}]},"28":{"type":"branch","line":241,"loc":{"start":{"line":241,"column":46},"end":{"line":241,"column":54}},"locations":[{"start":{"line":241,"column":46},"end":{"line":241,"column":54}}]},"29":{"type":"branch","line":245,"loc":{"start":{"line":245,"column":49},"end":{"line":253,"column":5}},"locations":[{"start":{"line":245,"column":49},"end":{"line":253,"column":5}}]},"30":{"type":"branch","line":246,"loc":{"start":{"line":246,"column":30},"end":{"line":253,"column":5}},"locations":[{"start":{"line":246,"column":30},"end":{"line":253,"column":5}}]},"31":{"type":"branch","line":258,"loc":{"start":{"line":258,"column":30},"end":{"line":263,"column":5}},"locations":[{"start":{"line":258,"column":30},"end":{"line":263,"column":5}}]},"32":{"type":"branch","line":260,"loc":{"start":{"line":260,"column":11},"end":{"line":260,"column":57}},"locations":[{"start":{"line":260,"column":11},"end":{"line":260,"column":57}}]},"33":{"type":"branch","line":266,"loc":{"start":{"line":266,"column":6},"end":{"line":266,"column":87}},"locations":[{"start":{"line":266,"column":6},"end":{"line":266,"column":87}}]},"34":{"type":"branch","line":275,"loc":{"start":{"line":275,"column":10},"end":{"line":290,"column":3}},"locations":[{"start":{"line":275,"column":10},"end":{"line":290,"column":3}}]},"35":{"type":"branch","line":293,"loc":{"start":{"line":293,"column":10},"end":{"line":307,"column":3}},"locations":[{"start":{"line":293,"column":10},"end":{"line":307,"column":3}}]},"36":{"type":"branch","line":298,"loc":{"start":{"line":298,"column":4},"end":{"line":300,"column":5}},"locations":[{"start":{"line":298,"column":4},"end":{"line":300,"column":5}}]},"37":{"type":"branch","line":316,"loc":{"start":{"line":316,"column":7},"end":{"line":337,"column":1}},"locations":[{"start":{"line":316,"column":7},"end":{"line":337,"column":1}}]},"38":{"type":"branch","line":324,"loc":{"start":{"line":324,"column":48},"end":{"line":324,"column":56}},"locations":[{"start":{"line":324,"column":48},"end":{"line":324,"column":56}}]}},"b":{"0":[12],"1":[12],"2":[10],"3":[11],"4":[11],"5":[3],"6":[6],"7":[5],"8":[9],"9":[3],"10":[2],"11":[1],"12":[0],"13":[1],"14":[0],"15":[1],"16":[1],"17":[2],"18":[2],"19":[1],"20":[0],"21":[0],"22":[0],"23":[1],"24":[1],"25":[1],"26":[14],"27":[3],"28":[1],"29":[2],"30":[0],"31":[4],"32":[0],"33":[4],"34":[1],"35":[1],"36":[0],"37":[8],"38":[0]},"fnMap":{"0":{"name":"<instance_members_initializer>","decl":{"start":{"line":70,"column":7},"end":{"line":308,"column":1}},"loc":{"start":{"line":70,"column":7},"end":{"line":308,"column":1}},"line":70},"1":{"name":"IntentPredictor","decl":{"start":{"line":74,"column":2},"end":{"line":81,"column":3}},"loc":{"start":{"line":74,"column":2},"end":{"line":81,"column":3}},"line":74},"2":{"name":"recordAccess","decl":{"start":{"line":88,"column":2},"end":{"line":114,"column":3}},"loc":{"start":{"line":88,"column":2},"end":{"line":114,"column":3}},"line":88},"3":{"name":"predict","decl":{"start":{"line":126,"column":2},"end":{"line":162,"column":3}},"loc":{"start":{"line":126,"column":2},"end":{"line":162,"column":3}},"line":126},"4":{"name":"formatPredictions","decl":{"start":{"line":169,"column":2},"end":{"line":171,"column":3}},"loc":{"start":{"line":169,"column":2},"end":{"line":171,"column":3}},"line":169},"5":{"name":"formatPredictionsImpl","decl":{"start":{"line":173,"column":2},"end":{"line":197,"column":3}},"loc":{"start":{"line":173,"column":2},"end":{"line":197,"column":3}},"line":173},"6":{"name":"getStats","decl":{"start":{"line":200,"column":2},"end":{"line":209,"column":3}},"loc":{"start":{"line":200,"column":2},"end":{"line":209,"column":3}},"line":200},"7":{"name":"buildSignature","decl":{"start":{"line":219,"column":10},"end":{"line":223,"column":3}},"loc":{"start":{"line":219,"column":10},"end":{"line":223,"column":3}},"line":219},"8":{"name":"findCandidatePatterns","decl":{"start":{"line":233,"column":10},"end":{"line":268,"column":3}},"loc":{"start":{"line":233,"column":10},"end":{"line":268,"column":3}},"line":233},"9":{"name":"computeConfidence","decl":{"start":{"line":275,"column":10},"end":{"line":290,"column":3}},"loc":{"start":{"line":275,"column":10},"end":{"line":290,"column":3}},"line":275},"10":{"name":"buildReason","decl":{"start":{"line":293,"column":10},"end":{"line":307,"column":3}},"loc":{"start":{"line":293,"column":10},"end":{"line":307,"column":3}},"line":293},"11":{"name":"buildFingerprint","decl":{"start":{"line":316,"column":7},"end":{"line":337,"column":1}},"loc":{"start":{"line":316,"column":7},"end":{"line":337,"column":1}},"line":316}},"f":{"0":12,"1":12,"2":11,"3":3,"4":2,"5":2,"6":1,"7":14,"8":3,"9":1,"10":1,"11":8}}
}
